mode: set
github.com/IBM/fp-go/v2/idiomatic/result/array.go:54.82,55.33 1 1
github.com/IBM/fp-go/v2/idiomatic/result/array.go:55.33,57.24 2 1
github.com/IBM/fp-go/v2/idiomatic/result/array.go:57.24,59.18 2 1
github.com/IBM/fp-go/v2/idiomatic/result/array.go:59.18,61.5 1 1
github.com/IBM/fp-go/v2/idiomatic/result/array.go:62.4,62.13 1 1
github.com/IBM/fp-go/v2/idiomatic/result/array.go:64.3,64.16 1 1
github.com/IBM/fp-go/v2/idiomatic/result/array.go:101.65,103.2 1 1
github.com/IBM/fp-go/v2/idiomatic/result/array.go:139.101,140.33 1 1
github.com/IBM/fp-go/v2/idiomatic/result/array.go:140.33,142.24 2 1
github.com/IBM/fp-go/v2/idiomatic/result/array.go:142.24,144.18 2 1
github.com/IBM/fp-go/v2/idiomatic/result/array.go:144.18,146.5 1 1
github.com/IBM/fp-go/v2/idiomatic/result/array.go:147.4,147.13 1 1
github.com/IBM/fp-go/v2/idiomatic/result/array.go:149.3,149.16 1 1
github.com/IBM/fp-go/v2/idiomatic/result/array.go:182.84,184.2 1 1
github.com/IBM/fp-go/v2/idiomatic/result/core.go:23.45,24.16 1 0
github.com/IBM/fp-go/v2/idiomatic/result/core.go:24.16,26.3 1 0
github.com/IBM/fp-go/v2/idiomatic/result/core.go:27.2,27.43 1 0
github.com/IBM/fp-go/v2/idiomatic/result/core.go:40.41,42.2 1 0
github.com/IBM/fp-go/v2/idiomatic/result/core.go:54.42,56.2 1 0
github.com/IBM/fp-go/v2/idiomatic/result/core.go:66.40,68.2 1 1
github.com/IBM/fp-go/v2/idiomatic/result/core.go:78.35,80.2 1 0
github.com/IBM/fp-go/v2/idiomatic/result/either.go:36.32,38.2 1 1
github.com/IBM/fp-go/v2/idiomatic/result/either.go:42.61,43.54 1 0
github.com/IBM/fp-go/v2/idiomatic/result/either.go:43.54,44.20 1 0
github.com/IBM/fp-go/v2/idiomatic/result/either.go:44.20,46.4 1 0
github.com/IBM/fp-go/v2/idiomatic/result/either.go:47.3,47.19 1 0
github.com/IBM/fp-go/v2/idiomatic/result/either.go:47.19,49.4 1 0
github.com/IBM/fp-go/v2/idiomatic/result/either.go:50.3,50.21 1 0
github.com/IBM/fp-go/v2/idiomatic/result/either.go:56.75,57.41 1 0
github.com/IBM/fp-go/v2/idiomatic/result/either.go:57.41,58.17 1 0
github.com/IBM/fp-go/v2/idiomatic/result/either.go:58.17,60.4 1 0
github.com/IBM/fp-go/v2/idiomatic/result/either.go:61.3,61.18 1 0
github.com/IBM/fp-go/v2/idiomatic/result/either.go:66.42,67.41 1 0
github.com/IBM/fp-go/v2/idiomatic/result/either.go:67.41,69.3 1 0
github.com/IBM/fp-go/v2/idiomatic/result/either.go:74.48,75.41 1 0
github.com/IBM/fp-go/v2/idiomatic/result/either.go:75.41,76.17 1 0
github.com/IBM/fp-go/v2/idiomatic/result/either.go:76.17,78.4 1 0
github.com/IBM/fp-go/v2/idiomatic/result/either.go:79.3,79.18 1 0
github.com/IBM/fp-go/v2/idiomatic/result/either.go:85.59,86.41 1 0
github.com/IBM/fp-go/v2/idiomatic/result/either.go:86.41,87.17 1 0
github.com/IBM/fp-go/v2/idiomatic/result/either.go:87.17,89.4 1 0
github.com/IBM/fp-go/v2/idiomatic/result/either.go:90.3,90.15 1 0
github.com/IBM/fp-go/v2/idiomatic/result/either.go:95.92,96.50 1 0
github.com/IBM/fp-go/v2/idiomatic/result/either.go:96.50,97.42 1 0
github.com/IBM/fp-go/v2/idiomatic/result/either.go:97.42,98.18 1 0
github.com/IBM/fp-go/v2/idiomatic/result/either.go:98.18,100.5 1 0
github.com/IBM/fp-go/v2/idiomatic/result/either.go:101.4,101.25 1 0
github.com/IBM/fp-go/v2/idiomatic/result/either.go:101.25,103.5 1 0
github.com/IBM/fp-go/v2/idiomatic/result/either.go:104.4,104.28 1 0
github.com/IBM/fp-go/v2/idiomatic/result/either.go:110.56,111.17 1 0
github.com/IBM/fp-go/v2/idiomatic/result/either.go:111.17,112.40 1 0
github.com/IBM/fp-go/v2/idiomatic/result/either.go:112.40,114.4 1 0
github.com/IBM/fp-go/v2/idiomatic/result/either.go:116.2,116.42 1 0
github.com/IBM/fp-go/v2/idiomatic/result/either.go:116.42,117.18 1 0
github.com/IBM/fp-go/v2/idiomatic/result/either.go:117.18,119.4 1 0
github.com/IBM/fp-go/v2/idiomatic/result/either.go:120.3,120.15 1 0
github.com/IBM/fp-go/v2/idiomatic/result/either.go:126.54,127.42 1 0
github.com/IBM/fp-go/v2/idiomatic/result/either.go:127.42,128.18 1 0
github.com/IBM/fp-go/v2/idiomatic/result/either.go:128.18,130.4 1 0
github.com/IBM/fp-go/v2/idiomatic/result/either.go:131.3,131.14 1 0
github.com/IBM/fp-go/v2/idiomatic/result/either.go:136.59,137.42 1 0
github.com/IBM/fp-go/v2/idiomatic/result/either.go:137.42,138.18 1 0
github.com/IBM/fp-go/v2/idiomatic/result/either.go:138.18,140.4 1 0
github.com/IBM/fp-go/v2/idiomatic/result/either.go:141.3,142.17 2 0
github.com/IBM/fp-go/v2/idiomatic/result/either.go:152.70,153.40 1 0
github.com/IBM/fp-go/v2/idiomatic/result/either.go:153.40,154.11 1 0
github.com/IBM/fp-go/v2/idiomatic/result/either.go:154.11,156.4 1 0
github.com/IBM/fp-go/v2/idiomatic/result/either.go:157.3,157.15 1 0
github.com/IBM/fp-go/v2/idiomatic/result/either.go:169.49,171.2 1 0
github.com/IBM/fp-go/v2/idiomatic/result/either.go:183.56,184.30 1 0
github.com/IBM/fp-go/v2/idiomatic/result/either.go:184.30,186.3 1 0
github.com/IBM/fp-go/v2/idiomatic/result/either.go:195.43,197.2 1 0
github.com/IBM/fp-go/v2/idiomatic/result/either.go:208.79,209.33 1 0
github.com/IBM/fp-go/v2/idiomatic/result/either.go:209.33,210.18 1 0
github.com/IBM/fp-go/v2/idiomatic/result/either.go:210.18,212.4 1 0
github.com/IBM/fp-go/v2/idiomatic/result/either.go:213.3,213.20 1 0
github.com/IBM/fp-go/v2/idiomatic/result/either.go:228.83,229.30 1 0
github.com/IBM/fp-go/v2/idiomatic/result/either.go:229.30,230.14 1 0
github.com/IBM/fp-go/v2/idiomatic/result/either.go:230.14,232.4 1 0
github.com/IBM/fp-go/v2/idiomatic/result/either.go:233.3,233.29 1 0
github.com/IBM/fp-go/v2/idiomatic/result/either.go:245.51,246.32 1 0
github.com/IBM/fp-go/v2/idiomatic/result/either.go:246.32,247.17 1 0
github.com/IBM/fp-go/v2/idiomatic/result/either.go:247.17,249.4 1 0
github.com/IBM/fp-go/v2/idiomatic/result/either.go:250.3,250.15 1 0
github.com/IBM/fp-go/v2/idiomatic/result/either.go:260.62,261.32 1 0
github.com/IBM/fp-go/v2/idiomatic/result/either.go:261.32,262.17 1 0
github.com/IBM/fp-go/v2/idiomatic/result/either.go:262.17,264.4 1 0
github.com/IBM/fp-go/v2/idiomatic/result/either.go:265.3,265.11 1 0
github.com/IBM/fp-go/v2/idiomatic/result/either.go:271.67,272.32 1 0
github.com/IBM/fp-go/v2/idiomatic/result/either.go:272.32,273.17 1 0
github.com/IBM/fp-go/v2/idiomatic/result/either.go:273.17,275.4 1 0
github.com/IBM/fp-go/v2/idiomatic/result/either.go:276.3,276.23 1 0
github.com/IBM/fp-go/v2/idiomatic/result/either.go:288.56,289.41 1 0
github.com/IBM/fp-go/v2/idiomatic/result/either.go:289.41,290.17 1 0
github.com/IBM/fp-go/v2/idiomatic/result/either.go:290.17,292.4 1 0
github.com/IBM/fp-go/v2/idiomatic/result/either.go:293.3,293.15 1 0
github.com/IBM/fp-go/v2/idiomatic/result/either.go:305.61,306.41 1 0
github.com/IBM/fp-go/v2/idiomatic/result/either.go:306.41,307.17 1 0
github.com/IBM/fp-go/v2/idiomatic/result/either.go:307.17,309.4 1 0
github.com/IBM/fp-go/v2/idiomatic/result/either.go:310.3,310.15 1 0
github.com/IBM/fp-go/v2/idiomatic/result/either.go:323.61,324.32 1 0
github.com/IBM/fp-go/v2/idiomatic/result/either.go:324.32,325.25 1 0
github.com/IBM/fp-go/v2/idiomatic/result/either.go:325.25,327.4 1 0
github.com/IBM/fp-go/v2/idiomatic/result/either.go:328.3,328.29 1 0
github.com/IBM/fp-go/v2/idiomatic/result/either.go:333.48,335.2 1 0
github.com/IBM/fp-go/v2/idiomatic/result/either.go:338.49,339.54 1 0
github.com/IBM/fp-go/v2/idiomatic/result/either.go:339.54,340.20 1 0
github.com/IBM/fp-go/v2/idiomatic/result/either.go:340.20,342.4 1 0
github.com/IBM/fp-go/v2/idiomatic/result/either.go:343.3,343.20 1 0
github.com/IBM/fp-go/v2/idiomatic/result/function.go:7.76,9.2 1 0
github.com/IBM/fp-go/v2/idiomatic/result/function.go:15.92,17.2 1 0
github.com/IBM/fp-go/v2/idiomatic/result/function.go:23.120,25.2 1 0
github.com/IBM/fp-go/v2/idiomatic/result/function.go:31.136,32.45 1 0
github.com/IBM/fp-go/v2/idiomatic/result/function.go:32.45,34.3 1 0
github.com/IBM/fp-go/v2/idiomatic/result/function.go:41.164,43.2 1 0
github.com/IBM/fp-go/v2/idiomatic/result/function.go:49.180,50.45 1 0
github.com/IBM/fp-go/v2/idiomatic/result/function.go:50.45,52.3 1 0
github.com/IBM/fp-go/v2/idiomatic/result/function.go:59.208,61.2 1 0
github.com/IBM/fp-go/v2/idiomatic/result/function.go:67.224,68.45 1 0
github.com/IBM/fp-go/v2/idiomatic/result/function.go:68.45,70.3 1 0
github.com/IBM/fp-go/v2/idiomatic/result/function.go:77.252,79.2 1 0
github.com/IBM/fp-go/v2/idiomatic/result/function.go:85.268,86.45 1 0
github.com/IBM/fp-go/v2/idiomatic/result/function.go:86.45,88.3 1 0
github.com/IBM/fp-go/v2/idiomatic/result/traverse.go:35.43,36.51 1 0
github.com/IBM/fp-go/v2/idiomatic/result/traverse.go:36.51,38.37 2 0
github.com/IBM/fp-go/v2/idiomatic/result/traverse.go:38.37,39.18 1 0
github.com/IBM/fp-go/v2/idiomatic/result/traverse.go:39.18,41.5 1 0
github.com/IBM/fp-go/v2/idiomatic/result/traverse.go:42.4,42.22 1 0
github.com/IBM/fp-go/v2/idiomatic/result/traverse.go:64.36,66.42 2 0
github.com/IBM/fp-go/v2/idiomatic/result/traverse.go:66.42,67.17 1 0
github.com/IBM/fp-go/v2/idiomatic/result/traverse.go:67.17,69.4 1 0
github.com/IBM/fp-go/v2/idiomatic/result/traverse.go:70.3,70.21 1 0
github.com/IBM/fp-go/v2/idiomatic/result/validation.go:84.81,85.54 1 0
github.com/IBM/fp-go/v2/idiomatic/result/validation.go:85.54,86.55 1 0
github.com/IBM/fp-go/v2/idiomatic/result/validation.go:86.55,88.19 1 0
github.com/IBM/fp-go/v2/idiomatic/result/validation.go:88.19,89.22 1 0
github.com/IBM/fp-go/v2/idiomatic/result/validation.go:89.22,91.6 1 0
github.com/IBM/fp-go/v2/idiomatic/result/validation.go:93.5,93.25 1 0
github.com/IBM/fp-go/v2/idiomatic/result/validation.go:96.4,96.21 1 0
github.com/IBM/fp-go/v2/idiomatic/result/validation.go:96.21,98.5 1 0
github.com/IBM/fp-go/v2/idiomatic/result/validation.go:100.4,100.21 1 0
