mode: count
github.com/IBM/fp-go/v2/optics/lens/option/compose.go:55.97,59.60 4 3
github.com/IBM/fp-go/v2/optics/lens/option/compose.go:59.60,61.43 2 3
github.com/IBM/fp-go/v2/optics/lens/option/compose.go:61.43,72.39 2 3
github.com/IBM/fp-go/v2/optics/lens/option/compose.go:72.39,73.25 1 13
github.com/IBM/fp-go/v2/optics/lens/option/compose.go:73.25,74.52 1 13
github.com/IBM/fp-go/v2/optics/lens/option/compose.go:74.52,80.8 1 6
github.com/IBM/fp-go/v2/optics/lens/option/compose.go:80.36,91.8 2 7
github.com/IBM/fp-go/v2/optics/lens/option/compose.go:147.95,149.59 2 3
github.com/IBM/fp-go/v2/optics/lens/option/compose.go:149.59,151.43 2 3
github.com/IBM/fp-go/v2/optics/lens/option/compose.go:151.43,164.31 3 3
github.com/IBM/fp-go/v2/optics/lens/option/compose.go:164.31,167.48 1 12
github.com/IBM/fp-go/v2/optics/lens/option/compose.go:167.48,183.8 2 7
github.com/IBM/fp-go/v2/optics/lens/option/from.go:12.188,14.41 2 15
github.com/IBM/fp-go/v2/optics/lens/option/from.go:14.41,16.70 2 15
github.com/IBM/fp-go/v2/optics/lens/option/from.go:16.70,22.4 1 60
github.com/IBM/fp-go/v2/optics/lens/option/from.go:28.93,30.2 1 12
github.com/IBM/fp-go/v2/optics/lens/option/from.go:34.105,36.2 1 3
github.com/IBM/fp-go/v2/optics/lens/option/from.go:40.65,42.2 1 10
github.com/IBM/fp-go/v2/optics/lens/option/from.go:46.70,48.2 1 2
github.com/IBM/fp-go/v2/optics/lens/option/from.go:51.188,52.40 1 3
github.com/IBM/fp-go/v2/optics/lens/option/from.go:52.40,57.23 1 3
github.com/IBM/fp-go/v2/optics/lens/option/from.go:57.23,59.4 1 4
github.com/IBM/fp-go/v2/optics/lens/option/from.go:65.110,67.2 1 2
github.com/IBM/fp-go/v2/optics/lens/option/from.go:70.115,72.2 1 1
github.com/IBM/fp-go/v2/optics/lens/option/from.go:75.153,76.41 1 2
github.com/IBM/fp-go/v2/optics/lens/option/from.go:76.41,80.23 1 2
github.com/IBM/fp-go/v2/optics/lens/option/from.go:80.23,82.4 1 2
github.com/IBM/fp-go/v2/optics/lens/option/from.go:88.75,90.2 1 1
github.com/IBM/fp-go/v2/optics/lens/option/from.go:107.87,109.2 1 1
github.com/IBM/fp-go/v2/optics/lens/option/option.go:63.67,65.2 1 1
