mode: set
github.com/IBM/fp-go/v2/idiomatic/option/array.go:31.82,32.31 1 1
github.com/IBM/fp-go/v2/idiomatic/option/array.go:32.31,34.23 2 1
github.com/IBM/fp-go/v2/idiomatic/option/array.go:34.23,36.12 2 1
github.com/IBM/fp-go/v2/idiomatic/option/array.go:36.12,38.5 1 1
github.com/IBM/fp-go/v2/idiomatic/option/array.go:39.4,39.22 1 1
github.com/IBM/fp-go/v2/idiomatic/option/array.go:41.3,41.18 1 1
github.com/IBM/fp-go/v2/idiomatic/option/array.go:56.65,58.2 1 1
github.com/IBM/fp-go/v2/idiomatic/option/array.go:70.100,71.31 1 1
github.com/IBM/fp-go/v2/idiomatic/option/array.go:71.31,73.23 2 1
github.com/IBM/fp-go/v2/idiomatic/option/array.go:73.23,75.12 2 1
github.com/IBM/fp-go/v2/idiomatic/option/array.go:75.12,77.5 1 0
github.com/IBM/fp-go/v2/idiomatic/option/array.go:78.4,78.22 1 1
github.com/IBM/fp-go/v2/idiomatic/option/array.go:80.3,80.18 1 1
github.com/IBM/fp-go/v2/idiomatic/option/array.go:94.83,96.2 1 1
github.com/IBM/fp-go/v2/idiomatic/option/bind.go:38.13,40.2 1 1
github.com/IBM/fp-go/v2/idiomatic/option/bind.go:61.20,62.51 1 1
github.com/IBM/fp-go/v2/idiomatic/option/bind.go:62.51,63.11 1 1
github.com/IBM/fp-go/v2/idiomatic/option/bind.go:63.11,65.11 2 1
github.com/IBM/fp-go/v2/idiomatic/option/bind.go:65.11,67.5 1 1
github.com/IBM/fp-go/v2/idiomatic/option/bind.go:69.3,69.9 1 1
github.com/IBM/fp-go/v2/idiomatic/option/bind.go:92.20,93.51 1 1
github.com/IBM/fp-go/v2/idiomatic/option/bind.go:93.51,94.11 1 1
github.com/IBM/fp-go/v2/idiomatic/option/bind.go:94.11,96.4 1 1
github.com/IBM/fp-go/v2/idiomatic/option/bind.go:97.3,97.9 1 1
github.com/IBM/fp-go/v2/idiomatic/option/bind.go:119.20,121.51 2 1
github.com/IBM/fp-go/v2/idiomatic/option/bind.go:121.51,122.11 1 1
github.com/IBM/fp-go/v2/idiomatic/option/bind.go:122.11,124.4 1 1
github.com/IBM/fp-go/v2/idiomatic/option/bind.go:125.3,125.9 1 1
github.com/IBM/fp-go/v2/idiomatic/option/bind.go:144.19,145.48 1 1
github.com/IBM/fp-go/v2/idiomatic/option/bind.go:145.48,146.10 1 1
github.com/IBM/fp-go/v2/idiomatic/option/bind.go:146.10,148.4 1 1
github.com/IBM/fp-go/v2/idiomatic/option/bind.go:149.3,149.9 1 0
github.com/IBM/fp-go/v2/idiomatic/option/bind.go:172.34,173.46 1 1
github.com/IBM/fp-go/v2/idiomatic/option/bind.go:173.46,174.10 1 1
github.com/IBM/fp-go/v2/idiomatic/option/bind.go:174.10,176.53 2 1
github.com/IBM/fp-go/v2/idiomatic/option/bind.go:176.53,177.13 1 1
github.com/IBM/fp-go/v2/idiomatic/option/bind.go:177.13,179.6 1 1
github.com/IBM/fp-go/v2/idiomatic/option/bind.go:180.5,180.11 1 1
github.com/IBM/fp-go/v2/idiomatic/option/bind.go:183.3,183.48 1 1
github.com/IBM/fp-go/v2/idiomatic/option/bind.go:183.48,185.4 1 1
github.com/IBM/fp-go/v2/idiomatic/option/bind.go:229.32,231.2 1 1
github.com/IBM/fp-go/v2/idiomatic/option/bind.go:274.18,275.44 1 1
github.com/IBM/fp-go/v2/idiomatic/option/bind.go:275.44,277.3 1 1
github.com/IBM/fp-go/v2/idiomatic/option/bind.go:316.18,318.2 1 1
github.com/IBM/fp-go/v2/idiomatic/option/bind.go:354.18,356.2 1 1
github.com/IBM/fp-go/v2/idiomatic/option/core.go:39.40,41.2 1 1
github.com/IBM/fp-go/v2/idiomatic/option/core.go:57.40,59.2 1 1
github.com/IBM/fp-go/v2/idiomatic/option/core.go:72.37,74.2 1 1
github.com/IBM/fp-go/v2/idiomatic/option/core.go:87.35,89.2 1 1
github.com/IBM/fp-go/v2/idiomatic/option/core.go:99.36,101.2 1 1
github.com/IBM/fp-go/v2/idiomatic/option/core.go:108.44,109.9 1 1
github.com/IBM/fp-go/v2/idiomatic/option/core.go:109.9,111.3 1 1
github.com/IBM/fp-go/v2/idiomatic/option/core.go:112.2,112.35 1 1
github.com/IBM/fp-go/v2/idiomatic/option/eq.go:49.62,50.50 1 1
github.com/IBM/fp-go/v2/idiomatic/option/eq.go:50.50,51.37 1 1
github.com/IBM/fp-go/v2/idiomatic/option/eq.go:51.37,52.12 1 1
github.com/IBM/fp-go/v2/idiomatic/option/eq.go:52.12,53.13 1 1
github.com/IBM/fp-go/v2/idiomatic/option/eq.go:53.13,55.6 1 1
github.com/IBM/fp-go/v2/idiomatic/option/eq.go:56.5,56.17 1 1
github.com/IBM/fp-go/v2/idiomatic/option/eq.go:58.4,58.16 1 1
github.com/IBM/fp-go/v2/idiomatic/option/eq.go:82.72,84.2 1 1
github.com/IBM/fp-go/v2/idiomatic/option/function.go:7.74,9.2 1 1
github.com/IBM/fp-go/v2/idiomatic/option/function.go:15.88,17.2 1 1
github.com/IBM/fp-go/v2/idiomatic/option/function.go:23.116,25.2 1 1
github.com/IBM/fp-go/v2/idiomatic/option/function.go:31.130,32.43 1 1
github.com/IBM/fp-go/v2/idiomatic/option/function.go:32.43,34.3 1 1
github.com/IBM/fp-go/v2/idiomatic/option/function.go:41.158,43.2 1 1
github.com/IBM/fp-go/v2/idiomatic/option/function.go:49.172,50.43 1 1
github.com/IBM/fp-go/v2/idiomatic/option/function.go:50.43,52.3 1 1
github.com/IBM/fp-go/v2/idiomatic/option/function.go:59.200,61.2 1 1
github.com/IBM/fp-go/v2/idiomatic/option/function.go:67.214,68.43 1 1
github.com/IBM/fp-go/v2/idiomatic/option/function.go:68.43,70.3 1 1
github.com/IBM/fp-go/v2/idiomatic/option/function.go:77.242,79.2 1 1
github.com/IBM/fp-go/v2/idiomatic/option/function.go:85.256,86.43 1 1
github.com/IBM/fp-go/v2/idiomatic/option/function.go:86.43,88.3 1 1
github.com/IBM/fp-go/v2/idiomatic/option/functor.go:26.62,28.2 1 1
github.com/IBM/fp-go/v2/idiomatic/option/functor.go:39.44,41.2 1 1
github.com/IBM/fp-go/v2/idiomatic/option/gen.go:8.81,9.38 1 1
github.com/IBM/fp-go/v2/idiomatic/option/gen.go:9.38,10.27 1 1
github.com/IBM/fp-go/v2/idiomatic/option/gen.go:10.27,12.4 1 1
github.com/IBM/fp-go/v2/idiomatic/option/gen.go:13.3,13.9 1 0
github.com/IBM/fp-go/v2/idiomatic/option/gen.go:18.125,19.52 1 1
github.com/IBM/fp-go/v2/idiomatic/option/gen.go:19.52,20.27 1 1
github.com/IBM/fp-go/v2/idiomatic/option/gen.go:20.27,21.28 1 1
github.com/IBM/fp-go/v2/idiomatic/option/gen.go:21.28,23.5 1 1
github.com/IBM/fp-go/v2/idiomatic/option/gen.go:25.3,25.9 1 0
github.com/IBM/fp-go/v2/idiomatic/option/gen.go:30.169,31.66 1 1
github.com/IBM/fp-go/v2/idiomatic/option/gen.go:31.66,32.27 1 1
github.com/IBM/fp-go/v2/idiomatic/option/gen.go:32.27,33.28 1 1
github.com/IBM/fp-go/v2/idiomatic/option/gen.go:33.28,34.29 1 1
github.com/IBM/fp-go/v2/idiomatic/option/gen.go:34.29,36.6 1 1
github.com/IBM/fp-go/v2/idiomatic/option/gen.go:39.3,39.9 1 0
github.com/IBM/fp-go/v2/idiomatic/option/gen.go:44.213,45.80 1 1
github.com/IBM/fp-go/v2/idiomatic/option/gen.go:45.80,46.27 1 1
github.com/IBM/fp-go/v2/idiomatic/option/gen.go:46.27,47.28 1 1
github.com/IBM/fp-go/v2/idiomatic/option/gen.go:47.28,48.29 1 1
github.com/IBM/fp-go/v2/idiomatic/option/gen.go:48.29,49.30 1 1
github.com/IBM/fp-go/v2/idiomatic/option/gen.go:49.30,51.7 1 1
github.com/IBM/fp-go/v2/idiomatic/option/gen.go:55.3,55.9 1 0
github.com/IBM/fp-go/v2/idiomatic/option/gen.go:60.257,61.94 1 1
github.com/IBM/fp-go/v2/idiomatic/option/gen.go:61.94,62.27 1 1
github.com/IBM/fp-go/v2/idiomatic/option/gen.go:62.27,63.28 1 1
github.com/IBM/fp-go/v2/idiomatic/option/gen.go:63.28,64.29 1 1
github.com/IBM/fp-go/v2/idiomatic/option/gen.go:64.29,65.30 1 1
github.com/IBM/fp-go/v2/idiomatic/option/gen.go:65.30,66.31 1 1
github.com/IBM/fp-go/v2/idiomatic/option/gen.go:66.31,68.8 1 1
github.com/IBM/fp-go/v2/idiomatic/option/gen.go:73.3,73.9 1 1
github.com/IBM/fp-go/v2/idiomatic/option/gen.go:78.301,79.108 1 1
github.com/IBM/fp-go/v2/idiomatic/option/gen.go:79.108,80.27 1 1
github.com/IBM/fp-go/v2/idiomatic/option/gen.go:80.27,81.28 1 1
github.com/IBM/fp-go/v2/idiomatic/option/gen.go:81.28,82.29 1 1
github.com/IBM/fp-go/v2/idiomatic/option/gen.go:82.29,83.30 1 1
github.com/IBM/fp-go/v2/idiomatic/option/gen.go:83.30,84.31 1 1
github.com/IBM/fp-go/v2/idiomatic/option/gen.go:84.31,85.32 1 1
github.com/IBM/fp-go/v2/idiomatic/option/gen.go:85.32,87.9 1 1
github.com/IBM/fp-go/v2/idiomatic/option/gen.go:93.3,93.9 1 0
github.com/IBM/fp-go/v2/idiomatic/option/gen.go:98.345,99.122 1 1
github.com/IBM/fp-go/v2/idiomatic/option/gen.go:99.122,100.27 1 1
github.com/IBM/fp-go/v2/idiomatic/option/gen.go:100.27,101.28 1 1
github.com/IBM/fp-go/v2/idiomatic/option/gen.go:101.28,102.29 1 1
github.com/IBM/fp-go/v2/idiomatic/option/gen.go:102.29,103.30 1 1
github.com/IBM/fp-go/v2/idiomatic/option/gen.go:103.30,104.31 1 1
github.com/IBM/fp-go/v2/idiomatic/option/gen.go:104.31,105.32 1 1
github.com/IBM/fp-go/v2/idiomatic/option/gen.go:105.32,106.33 1 1
github.com/IBM/fp-go/v2/idiomatic/option/gen.go:106.33,108.10 1 1
github.com/IBM/fp-go/v2/idiomatic/option/gen.go:115.3,115.9 1 0
github.com/IBM/fp-go/v2/idiomatic/option/gen.go:120.389,121.136 1 1
github.com/IBM/fp-go/v2/idiomatic/option/gen.go:121.136,122.27 1 1
github.com/IBM/fp-go/v2/idiomatic/option/gen.go:122.27,123.28 1 1
github.com/IBM/fp-go/v2/idiomatic/option/gen.go:123.28,124.29 1 1
github.com/IBM/fp-go/v2/idiomatic/option/gen.go:124.29,125.30 1 1
github.com/IBM/fp-go/v2/idiomatic/option/gen.go:125.30,126.31 1 1
github.com/IBM/fp-go/v2/idiomatic/option/gen.go:126.31,127.32 1 1
github.com/IBM/fp-go/v2/idiomatic/option/gen.go:127.32,128.33 1 1
github.com/IBM/fp-go/v2/idiomatic/option/gen.go:128.33,129.34 1 1
github.com/IBM/fp-go/v2/idiomatic/option/gen.go:129.34,131.11 1 1
github.com/IBM/fp-go/v2/idiomatic/option/gen.go:139.3,139.9 1 0
github.com/IBM/fp-go/v2/idiomatic/option/gen.go:144.433,145.150 1 1
github.com/IBM/fp-go/v2/idiomatic/option/gen.go:145.150,146.27 1 1
github.com/IBM/fp-go/v2/idiomatic/option/gen.go:146.27,147.28 1 1
github.com/IBM/fp-go/v2/idiomatic/option/gen.go:147.28,148.29 1 1
github.com/IBM/fp-go/v2/idiomatic/option/gen.go:148.29,149.30 1 1
github.com/IBM/fp-go/v2/idiomatic/option/gen.go:149.30,150.31 1 1
github.com/IBM/fp-go/v2/idiomatic/option/gen.go:150.31,151.32 1 1
github.com/IBM/fp-go/v2/idiomatic/option/gen.go:151.32,152.33 1 1
github.com/IBM/fp-go/v2/idiomatic/option/gen.go:152.33,153.34 1 1
github.com/IBM/fp-go/v2/idiomatic/option/gen.go:153.34,154.35 1 1
github.com/IBM/fp-go/v2/idiomatic/option/gen.go:154.35,156.12 1 1
github.com/IBM/fp-go/v2/idiomatic/option/gen.go:165.3,165.9 1 0
github.com/IBM/fp-go/v2/idiomatic/option/gen.go:170.487,171.168 1 1
github.com/IBM/fp-go/v2/idiomatic/option/gen.go:171.168,172.27 1 1
github.com/IBM/fp-go/v2/idiomatic/option/gen.go:172.27,173.28 1 1
github.com/IBM/fp-go/v2/idiomatic/option/gen.go:173.28,174.29 1 1
github.com/IBM/fp-go/v2/idiomatic/option/gen.go:174.29,175.30 1 1
github.com/IBM/fp-go/v2/idiomatic/option/gen.go:175.30,176.31 1 1
github.com/IBM/fp-go/v2/idiomatic/option/gen.go:176.31,177.32 1 1
github.com/IBM/fp-go/v2/idiomatic/option/gen.go:177.32,178.33 1 1
github.com/IBM/fp-go/v2/idiomatic/option/gen.go:178.33,179.34 1 1
github.com/IBM/fp-go/v2/idiomatic/option/gen.go:179.34,180.35 1 1
github.com/IBM/fp-go/v2/idiomatic/option/gen.go:180.35,181.39 1 1
github.com/IBM/fp-go/v2/idiomatic/option/gen.go:181.39,183.13 1 1
github.com/IBM/fp-go/v2/idiomatic/option/gen.go:193.3,193.9 1 0
github.com/IBM/fp-go/v2/idiomatic/option/iter.go:57.70,58.39 1 1
github.com/IBM/fp-go/v2/idiomatic/option/iter.go:58.39,60.20 2 1
github.com/IBM/fp-go/v2/idiomatic/option/iter.go:60.20,62.12 2 1
github.com/IBM/fp-go/v2/idiomatic/option/iter.go:62.12,64.5 1 1
github.com/IBM/fp-go/v2/idiomatic/option/iter.go:65.4,65.22 1 1
github.com/IBM/fp-go/v2/idiomatic/option/iter.go:67.3,67.29 1 1
github.com/IBM/fp-go/v2/idiomatic/option/logger.go:24.103,25.39 1 1
github.com/IBM/fp-go/v2/idiomatic/option/logger.go:25.39,26.10 1 1
github.com/IBM/fp-go/v2/idiomatic/option/logger.go:26.10,28.4 1 1
github.com/IBM/fp-go/v2/idiomatic/option/logger.go:28.9,30.4 1 1
github.com/IBM/fp-go/v2/idiomatic/option/logger.go:31.3,31.16 1 1
github.com/IBM/fp-go/v2/idiomatic/option/logger.go:56.72,58.44 2 1
github.com/IBM/fp-go/v2/idiomatic/option/logger.go:58.44,60.3 1 1
github.com/IBM/fp-go/v2/idiomatic/option/option.go:53.60,54.29 1 1
github.com/IBM/fp-go/v2/idiomatic/option/option.go:54.29,56.3 1 1
github.com/IBM/fp-go/v2/idiomatic/option/option.go:60.45,62.2 1 1
github.com/IBM/fp-go/v2/idiomatic/option/option.go:65.48,67.2 1 1
github.com/IBM/fp-go/v2/idiomatic/option/option.go:70.57,72.2 1 1
github.com/IBM/fp-go/v2/idiomatic/option/option.go:86.43,88.2 1 1
github.com/IBM/fp-go/v2/idiomatic/option/option.go:103.59,104.10 1 1
github.com/IBM/fp-go/v2/idiomatic/option/option.go:104.10,105.58 1 1
github.com/IBM/fp-go/v2/idiomatic/option/option.go:105.58,106.13 1 1
github.com/IBM/fp-go/v2/idiomatic/option/option.go:106.13,108.5 1 1
github.com/IBM/fp-go/v2/idiomatic/option/option.go:109.4,109.10 1 1
github.com/IBM/fp-go/v2/idiomatic/option/option.go:112.2,112.51 1 1
github.com/IBM/fp-go/v2/idiomatic/option/option.go:112.51,114.3 1 1
github.com/IBM/fp-go/v2/idiomatic/option/option.go:128.50,129.47 1 1
github.com/IBM/fp-go/v2/idiomatic/option/option.go:129.47,130.11 1 1
github.com/IBM/fp-go/v2/idiomatic/option/option.go:130.11,132.4 1 1
github.com/IBM/fp-go/v2/idiomatic/option/option.go:133.3,133.9 1 1
github.com/IBM/fp-go/v2/idiomatic/option/option.go:146.42,147.40 1 1
github.com/IBM/fp-go/v2/idiomatic/option/option.go:147.40,149.3 1 1
github.com/IBM/fp-go/v2/idiomatic/option/option.go:167.72,168.31 1 1
github.com/IBM/fp-go/v2/idiomatic/option/option.go:168.31,169.10 1 1
github.com/IBM/fp-go/v2/idiomatic/option/option.go:169.10,171.4 1 1
github.com/IBM/fp-go/v2/idiomatic/option/option.go:172.3,172.18 1 1
github.com/IBM/fp-go/v2/idiomatic/option/option.go:186.56,187.31 1 1
github.com/IBM/fp-go/v2/idiomatic/option/option.go:187.31,188.10 1 1
github.com/IBM/fp-go/v2/idiomatic/option/option.go:188.10,190.4 1 1
github.com/IBM/fp-go/v2/idiomatic/option/option.go:191.3,191.18 1 1
github.com/IBM/fp-go/v2/idiomatic/option/option.go:208.54,209.45 1 1
github.com/IBM/fp-go/v2/idiomatic/option/option.go:209.45,210.10 1 1
github.com/IBM/fp-go/v2/idiomatic/option/option.go:210.10,212.4 1 1
github.com/IBM/fp-go/v2/idiomatic/option/option.go:213.3,213.9 1 1
github.com/IBM/fp-go/v2/idiomatic/option/option.go:227.54,228.39 1 1
github.com/IBM/fp-go/v2/idiomatic/option/option.go:228.39,230.3 1 1
github.com/IBM/fp-go/v2/idiomatic/option/option.go:245.59,246.39 1 1
github.com/IBM/fp-go/v2/idiomatic/option/option.go:246.39,247.10 1 1
github.com/IBM/fp-go/v2/idiomatic/option/option.go:247.10,250.4 2 1
github.com/IBM/fp-go/v2/idiomatic/option/option.go:251.3,251.18 1 1
github.com/IBM/fp-go/v2/idiomatic/option/option.go:265.55,266.39 1 1
github.com/IBM/fp-go/v2/idiomatic/option/option.go:266.39,267.10 1 1
github.com/IBM/fp-go/v2/idiomatic/option/option.go:267.10,269.4 1 1
github.com/IBM/fp-go/v2/idiomatic/option/option.go:270.3,270.16 1 1
github.com/IBM/fp-go/v2/idiomatic/option/option.go:286.66,287.31 1 1
github.com/IBM/fp-go/v2/idiomatic/option/option.go:287.31,288.10 1 1
github.com/IBM/fp-go/v2/idiomatic/option/option.go:288.10,290.4 1 1
github.com/IBM/fp-go/v2/idiomatic/option/option.go:291.3,291.17 1 1
github.com/IBM/fp-go/v2/idiomatic/option/option.go:306.54,307.39 1 1
github.com/IBM/fp-go/v2/idiomatic/option/option.go:307.39,309.3 1 1
github.com/IBM/fp-go/v2/idiomatic/option/option.go:322.49,323.55 1 1
github.com/IBM/fp-go/v2/idiomatic/option/option.go:323.55,324.12 1 1
github.com/IBM/fp-go/v2/idiomatic/option/option.go:324.12,326.4 1 1
github.com/IBM/fp-go/v2/idiomatic/option/option.go:327.3,327.9 1 1
github.com/IBM/fp-go/v2/idiomatic/option/ord.go:37.63,38.47 1 1
github.com/IBM/fp-go/v2/idiomatic/option/ord.go:38.47,39.10 1 1
github.com/IBM/fp-go/v2/idiomatic/option/ord.go:39.10,40.35 1 1
github.com/IBM/fp-go/v2/idiomatic/option/ord.go:40.35,41.12 1 1
github.com/IBM/fp-go/v2/idiomatic/option/ord.go:41.12,43.6 1 1
github.com/IBM/fp-go/v2/idiomatic/option/ord.go:44.5,44.14 1 1
github.com/IBM/fp-go/v2/idiomatic/option/ord.go:47.3,47.34 1 1
github.com/IBM/fp-go/v2/idiomatic/option/ord.go:47.34,48.11 1 1
github.com/IBM/fp-go/v2/idiomatic/option/ord.go:48.11,50.5 1 1
github.com/IBM/fp-go/v2/idiomatic/option/ord.go:51.4,51.12 1 1
github.com/IBM/fp-go/v2/idiomatic/option/ord.go:64.71,66.2 1 1
github.com/IBM/fp-go/v2/idiomatic/option/pointed.go:26.45,28.2 1 1
github.com/IBM/fp-go/v2/idiomatic/option/pointed.go:37.38,39.2 1 1
github.com/IBM/fp-go/v2/idiomatic/option/record.go:30.105,31.32 1 1
github.com/IBM/fp-go/v2/idiomatic/option/record.go:31.32,33.24 2 1
github.com/IBM/fp-go/v2/idiomatic/option/record.go:33.24,34.25 1 1
github.com/IBM/fp-go/v2/idiomatic/option/record.go:34.25,36.5 1 1
github.com/IBM/fp-go/v2/idiomatic/option/record.go:36.10,38.5 1 0
github.com/IBM/fp-go/v2/idiomatic/option/record.go:41.3,41.18 1 1
github.com/IBM/fp-go/v2/idiomatic/option/record.go:56.88,58.2 1 1
github.com/IBM/fp-go/v2/idiomatic/option/record.go:71.121,72.32 1 1
github.com/IBM/fp-go/v2/idiomatic/option/record.go:72.32,74.24 2 1
github.com/IBM/fp-go/v2/idiomatic/option/record.go:74.24,75.28 1 1
github.com/IBM/fp-go/v2/idiomatic/option/record.go:75.28,77.5 1 1
github.com/IBM/fp-go/v2/idiomatic/option/record.go:77.10,79.5 1 0
github.com/IBM/fp-go/v2/idiomatic/option/record.go:82.3,82.18 1 1
github.com/IBM/fp-go/v2/idiomatic/option/record.go:97.104,99.2 1 1
github.com/IBM/fp-go/v2/idiomatic/option/type.go:18.37,21.2 2 1
github.com/IBM/fp-go/v2/idiomatic/option/type.go:35.39,37.2 1 1
github.com/IBM/fp-go/v2/idiomatic/option/type.go:48.38,50.2 1 1
