mode: set
github.com/IBM/fp-go/v2/function/bind.go:45.65,46.23 1 1
github.com/IBM/fp-go/v2/function/bind.go:46.23,48.3 1 1
github.com/IBM/fp-go/v2/function/bind.go:78.65,79.23 1 1
github.com/IBM/fp-go/v2/function/bind.go:79.23,81.3 1 1
github.com/IBM/fp-go/v2/function/bind.go:107.37,109.2 1 1
github.com/IBM/fp-go/v2/function/binds.go:10.64,11.31 1 0
github.com/IBM/fp-go/v2/function/binds.go:11.31,12.21 1 0
github.com/IBM/fp-go/v2/function/binds.go:12.21,14.6 1 0
github.com/IBM/fp-go/v2/function/binds.go:19.61,20.24 1 0
github.com/IBM/fp-go/v2/function/binds.go:20.24,22.4 1 0
github.com/IBM/fp-go/v2/function/binds.go:28.74,29.33 1 0
github.com/IBM/fp-go/v2/function/binds.go:29.33,30.26 1 0
github.com/IBM/fp-go/v2/function/binds.go:30.26,32.6 1 0
github.com/IBM/fp-go/v2/function/binds.go:37.71,38.31 1 0
github.com/IBM/fp-go/v2/function/binds.go:38.31,40.4 1 0
github.com/IBM/fp-go/v2/function/binds.go:45.74,46.33 1 0
github.com/IBM/fp-go/v2/function/binds.go:46.33,47.26 1 0
github.com/IBM/fp-go/v2/function/binds.go:47.26,49.6 1 0
github.com/IBM/fp-go/v2/function/binds.go:54.71,55.31 1 0
github.com/IBM/fp-go/v2/function/binds.go:55.31,57.4 1 0
github.com/IBM/fp-go/v2/function/binds.go:62.77,63.38 1 0
github.com/IBM/fp-go/v2/function/binds.go:63.38,64.21 1 0
github.com/IBM/fp-go/v2/function/binds.go:64.21,66.6 1 0
github.com/IBM/fp-go/v2/function/binds.go:71.70,72.31 1 0
github.com/IBM/fp-go/v2/function/binds.go:72.31,74.4 1 0
github.com/IBM/fp-go/v2/function/binds.go:80.86,81.37 1 0
github.com/IBM/fp-go/v2/function/binds.go:81.37,82.33 1 0
github.com/IBM/fp-go/v2/function/binds.go:82.33,84.6 1 0
github.com/IBM/fp-go/v2/function/binds.go:89.83,90.38 1 0
github.com/IBM/fp-go/v2/function/binds.go:90.38,92.4 1 0
github.com/IBM/fp-go/v2/function/binds.go:97.86,98.37 1 0
github.com/IBM/fp-go/v2/function/binds.go:98.37,99.33 1 0
github.com/IBM/fp-go/v2/function/binds.go:99.33,101.6 1 0
github.com/IBM/fp-go/v2/function/binds.go:106.83,107.38 1 0
github.com/IBM/fp-go/v2/function/binds.go:107.38,109.4 1 0
github.com/IBM/fp-go/v2/function/binds.go:114.86,115.37 1 0
github.com/IBM/fp-go/v2/function/binds.go:115.37,116.33 1 0
github.com/IBM/fp-go/v2/function/binds.go:116.33,118.6 1 0
github.com/IBM/fp-go/v2/function/binds.go:123.83,124.38 1 0
github.com/IBM/fp-go/v2/function/binds.go:124.38,126.4 1 0
github.com/IBM/fp-go/v2/function/binds.go:131.87,132.40 1 0
github.com/IBM/fp-go/v2/function/binds.go:132.40,133.26 1 0
github.com/IBM/fp-go/v2/function/binds.go:133.26,135.6 1 0
github.com/IBM/fp-go/v2/function/binds.go:140.80,141.38 1 0
github.com/IBM/fp-go/v2/function/binds.go:141.38,143.4 1 0
github.com/IBM/fp-go/v2/function/binds.go:148.87,149.40 1 0
github.com/IBM/fp-go/v2/function/binds.go:149.40,150.26 1 0
github.com/IBM/fp-go/v2/function/binds.go:150.26,152.6 1 0
github.com/IBM/fp-go/v2/function/binds.go:157.80,158.38 1 0
github.com/IBM/fp-go/v2/function/binds.go:158.38,160.4 1 0
github.com/IBM/fp-go/v2/function/binds.go:165.87,166.40 1 0
github.com/IBM/fp-go/v2/function/binds.go:166.40,167.26 1 0
github.com/IBM/fp-go/v2/function/binds.go:167.26,169.6 1 0
github.com/IBM/fp-go/v2/function/binds.go:174.80,175.38 1 0
github.com/IBM/fp-go/v2/function/binds.go:175.38,177.4 1 0
github.com/IBM/fp-go/v2/function/binds.go:182.90,183.45 1 0
github.com/IBM/fp-go/v2/function/binds.go:183.45,184.21 1 0
github.com/IBM/fp-go/v2/function/binds.go:184.21,186.6 1 0
github.com/IBM/fp-go/v2/function/binds.go:191.79,192.38 1 0
github.com/IBM/fp-go/v2/function/binds.go:192.38,194.4 1 0
github.com/IBM/fp-go/v2/function/binds.go:200.98,201.41 1 0
github.com/IBM/fp-go/v2/function/binds.go:201.41,202.40 1 0
github.com/IBM/fp-go/v2/function/binds.go:202.40,204.6 1 0
github.com/IBM/fp-go/v2/function/binds.go:209.95,210.45 1 0
github.com/IBM/fp-go/v2/function/binds.go:210.45,212.4 1 0
github.com/IBM/fp-go/v2/function/binds.go:217.98,218.41 1 0
github.com/IBM/fp-go/v2/function/binds.go:218.41,219.40 1 0
github.com/IBM/fp-go/v2/function/binds.go:219.40,221.6 1 0
github.com/IBM/fp-go/v2/function/binds.go:226.95,227.45 1 0
github.com/IBM/fp-go/v2/function/binds.go:227.45,229.4 1 0
github.com/IBM/fp-go/v2/function/binds.go:234.98,235.41 1 0
github.com/IBM/fp-go/v2/function/binds.go:235.41,236.40 1 0
github.com/IBM/fp-go/v2/function/binds.go:236.40,238.6 1 0
github.com/IBM/fp-go/v2/function/binds.go:243.95,244.45 1 0
github.com/IBM/fp-go/v2/function/binds.go:244.45,246.4 1 0
github.com/IBM/fp-go/v2/function/binds.go:251.98,252.41 1 0
github.com/IBM/fp-go/v2/function/binds.go:252.41,253.40 1 0
github.com/IBM/fp-go/v2/function/binds.go:253.40,255.6 1 0
github.com/IBM/fp-go/v2/function/binds.go:260.95,261.45 1 0
github.com/IBM/fp-go/v2/function/binds.go:261.45,263.4 1 0
github.com/IBM/fp-go/v2/function/binds.go:268.99,269.44 1 0
github.com/IBM/fp-go/v2/function/binds.go:269.44,270.33 1 0
github.com/IBM/fp-go/v2/function/binds.go:270.33,272.6 1 0
github.com/IBM/fp-go/v2/function/binds.go:277.92,278.45 1 0
github.com/IBM/fp-go/v2/function/binds.go:278.45,280.4 1 0
github.com/IBM/fp-go/v2/function/binds.go:285.99,286.44 1 0
github.com/IBM/fp-go/v2/function/binds.go:286.44,287.33 1 0
github.com/IBM/fp-go/v2/function/binds.go:287.33,289.6 1 0
github.com/IBM/fp-go/v2/function/binds.go:294.92,295.45 1 0
github.com/IBM/fp-go/v2/function/binds.go:295.45,297.4 1 0
github.com/IBM/fp-go/v2/function/binds.go:302.99,303.44 1 0
github.com/IBM/fp-go/v2/function/binds.go:303.44,304.33 1 0
github.com/IBM/fp-go/v2/function/binds.go:304.33,306.6 1 0
github.com/IBM/fp-go/v2/function/binds.go:311.92,312.45 1 0
github.com/IBM/fp-go/v2/function/binds.go:312.45,314.4 1 0
github.com/IBM/fp-go/v2/function/binds.go:319.99,320.44 1 0
github.com/IBM/fp-go/v2/function/binds.go:320.44,321.33 1 0
github.com/IBM/fp-go/v2/function/binds.go:321.33,323.6 1 0
github.com/IBM/fp-go/v2/function/binds.go:328.92,329.45 1 0
github.com/IBM/fp-go/v2/function/binds.go:329.45,331.4 1 0
github.com/IBM/fp-go/v2/function/binds.go:336.99,337.44 1 0
github.com/IBM/fp-go/v2/function/binds.go:337.44,338.33 1 0
github.com/IBM/fp-go/v2/function/binds.go:338.33,340.6 1 0
github.com/IBM/fp-go/v2/function/binds.go:345.92,346.45 1 0
github.com/IBM/fp-go/v2/function/binds.go:346.45,348.4 1 0
github.com/IBM/fp-go/v2/function/binds.go:353.99,354.44 1 0
github.com/IBM/fp-go/v2/function/binds.go:354.44,355.33 1 0
github.com/IBM/fp-go/v2/function/binds.go:355.33,357.6 1 0
github.com/IBM/fp-go/v2/function/binds.go:362.92,363.45 1 0
github.com/IBM/fp-go/v2/function/binds.go:363.45,365.4 1 0
github.com/IBM/fp-go/v2/function/binds.go:370.100,371.47 1 0
github.com/IBM/fp-go/v2/function/binds.go:371.47,372.26 1 0
github.com/IBM/fp-go/v2/function/binds.go:372.26,374.6 1 0
github.com/IBM/fp-go/v2/function/binds.go:379.89,380.45 1 0
github.com/IBM/fp-go/v2/function/binds.go:380.45,382.4 1 0
github.com/IBM/fp-go/v2/function/binds.go:387.100,388.47 1 0
github.com/IBM/fp-go/v2/function/binds.go:388.47,389.26 1 0
github.com/IBM/fp-go/v2/function/binds.go:389.26,391.6 1 0
github.com/IBM/fp-go/v2/function/binds.go:396.89,397.45 1 0
github.com/IBM/fp-go/v2/function/binds.go:397.45,399.4 1 0
github.com/IBM/fp-go/v2/function/binds.go:404.100,405.47 1 0
github.com/IBM/fp-go/v2/function/binds.go:405.47,406.26 1 0
github.com/IBM/fp-go/v2/function/binds.go:406.26,408.6 1 0
github.com/IBM/fp-go/v2/function/binds.go:413.89,414.45 1 0
github.com/IBM/fp-go/v2/function/binds.go:414.45,416.4 1 0
github.com/IBM/fp-go/v2/function/binds.go:421.100,422.47 1 0
github.com/IBM/fp-go/v2/function/binds.go:422.47,423.26 1 0
github.com/IBM/fp-go/v2/function/binds.go:423.26,425.6 1 0
github.com/IBM/fp-go/v2/function/binds.go:430.89,431.45 1 0
github.com/IBM/fp-go/v2/function/binds.go:431.45,433.4 1 0
github.com/IBM/fp-go/v2/function/binds.go:438.103,439.52 1 0
github.com/IBM/fp-go/v2/function/binds.go:439.52,440.21 1 0
github.com/IBM/fp-go/v2/function/binds.go:440.21,442.6 1 0
github.com/IBM/fp-go/v2/function/binds.go:447.88,448.45 1 0
github.com/IBM/fp-go/v2/function/binds.go:448.45,450.4 1 0
github.com/IBM/fp-go/v2/function/cache.go:23.58,25.2 1 1
github.com/IBM/fp-go/v2/function/cache.go:28.87,30.2 1 0
github.com/IBM/fp-go/v2/function/cache.go:34.113,36.2 1 1
github.com/IBM/fp-go/v2/function/cache.go:39.82,41.2 1 1
github.com/IBM/fp-go/v2/function/constants.go:83.27,85.2 1 1
github.com/IBM/fp-go/v2/function/flip.go:19.69,20.32 1 1
github.com/IBM/fp-go/v2/function/flip.go:20.32,21.24 1 1
github.com/IBM/fp-go/v2/function/flip.go:21.24,23.4 1 1
github.com/IBM/fp-go/v2/function/function.go:34.29,36.2 1 1
github.com/IBM/fp-go/v2/function/function.go:56.36,57.18 1 1
github.com/IBM/fp-go/v2/function/function.go:57.18,59.3 1 1
github.com/IBM/fp-go/v2/function/function.go:84.41,85.21 1 1
github.com/IBM/fp-go/v2/function/function.go:85.21,87.3 1 1
github.com/IBM/fp-go/v2/function/function.go:110.47,111.26 1 1
github.com/IBM/fp-go/v2/function/function.go:111.26,113.3 1 1
github.com/IBM/fp-go/v2/function/function.go:131.30,133.2 1 1
github.com/IBM/fp-go/v2/function/function.go:152.33,154.2 1 1
github.com/IBM/fp-go/v2/function/function.go:184.59,185.30 1 1
github.com/IBM/fp-go/v2/function/function.go:185.30,187.3 1 1
github.com/IBM/fp-go/v2/function/function.go:210.40,212.2 1 1
github.com/IBM/fp-go/v2/function/function.go:234.41,236.2 1 1
github.com/IBM/fp-go/v2/function/gen.go:9.30,11.2 1 0
github.com/IBM/fp-go/v2/function/gen.go:14.54,15.25 1 0
github.com/IBM/fp-go/v2/function/gen.go:15.25,17.4 1 0
github.com/IBM/fp-go/v2/function/gen.go:21.56,22.24 1 1
github.com/IBM/fp-go/v2/function/gen.go:22.24,24.4 1 1
github.com/IBM/fp-go/v2/function/gen.go:28.56,29.19 1 0
github.com/IBM/fp-go/v2/function/gen.go:29.19,31.4 1 0
github.com/IBM/fp-go/v2/function/gen.go:36.58,38.2 1 1
github.com/IBM/fp-go/v2/function/gen.go:42.60,43.25 1 0
github.com/IBM/fp-go/v2/function/gen.go:43.25,45.4 1 0
github.com/IBM/fp-go/v2/function/gen.go:49.55,50.20 1 0
github.com/IBM/fp-go/v2/function/gen.go:50.20,52.4 1 0
github.com/IBM/fp-go/v2/function/gen.go:57.62,58.25 1 0
github.com/IBM/fp-go/v2/function/gen.go:58.25,60.4 1 0
github.com/IBM/fp-go/v2/function/gen.go:65.64,66.25 1 0
github.com/IBM/fp-go/v2/function/gen.go:66.25,68.4 1 0
github.com/IBM/fp-go/v2/function/gen.go:72.66,73.32 1 0
github.com/IBM/fp-go/v2/function/gen.go:73.32,75.4 1 0
github.com/IBM/fp-go/v2/function/gen.go:79.68,80.31 1 0
github.com/IBM/fp-go/v2/function/gen.go:80.31,82.4 1 0
github.com/IBM/fp-go/v2/function/gen.go:86.57,87.23 1 0
github.com/IBM/fp-go/v2/function/gen.go:87.23,89.4 1 0
github.com/IBM/fp-go/v2/function/gen.go:94.86,96.2 1 0
github.com/IBM/fp-go/v2/function/gen.go:100.88,101.25 1 0
github.com/IBM/fp-go/v2/function/gen.go:101.25,103.4 1 0
github.com/IBM/fp-go/v2/function/gen.go:107.83,108.20 1 0
github.com/IBM/fp-go/v2/function/gen.go:108.20,110.4 1 0
github.com/IBM/fp-go/v2/function/gen.go:115.79,116.37 1 1
github.com/IBM/fp-go/v2/function/gen.go:116.37,117.27 1 1
github.com/IBM/fp-go/v2/function/gen.go:117.27,119.6 1 1
github.com/IBM/fp-go/v2/function/gen.go:125.81,126.32 1 0
github.com/IBM/fp-go/v2/function/gen.go:126.32,128.4 1 0
github.com/IBM/fp-go/v2/function/gen.go:132.78,133.39 1 0
github.com/IBM/fp-go/v2/function/gen.go:133.39,135.4 1 0
github.com/IBM/fp-go/v2/function/gen.go:139.80,140.38 1 0
github.com/IBM/fp-go/v2/function/gen.go:140.38,142.4 1 0
github.com/IBM/fp-go/v2/function/gen.go:146.60,147.27 1 1
github.com/IBM/fp-go/v2/function/gen.go:147.27,149.4 1 1
github.com/IBM/fp-go/v2/function/gen.go:154.114,156.2 1 1
github.com/IBM/fp-go/v2/function/gen.go:160.116,161.25 1 1
github.com/IBM/fp-go/v2/function/gen.go:161.25,163.4 1 1
github.com/IBM/fp-go/v2/function/gen.go:167.111,168.20 1 0
github.com/IBM/fp-go/v2/function/gen.go:168.20,170.4 1 0
github.com/IBM/fp-go/v2/function/gen.go:175.96,176.49 1 0
github.com/IBM/fp-go/v2/function/gen.go:176.49,177.39 1 0
github.com/IBM/fp-go/v2/function/gen.go:177.39,178.29 1 0
github.com/IBM/fp-go/v2/function/gen.go:178.29,180.8 1 0
github.com/IBM/fp-go/v2/function/gen.go:187.98,188.39 1 0
github.com/IBM/fp-go/v2/function/gen.go:188.39,190.4 1 0
github.com/IBM/fp-go/v2/function/gen.go:194.90,195.46 1 0
github.com/IBM/fp-go/v2/function/gen.go:195.46,197.4 1 0
github.com/IBM/fp-go/v2/function/gen.go:201.92,202.45 1 0
github.com/IBM/fp-go/v2/function/gen.go:202.45,204.4 1 0
github.com/IBM/fp-go/v2/function/gen.go:208.63,209.31 1 0
github.com/IBM/fp-go/v2/function/gen.go:209.31,211.4 1 0
github.com/IBM/fp-go/v2/function/gen.go:216.142,218.2 1 0
github.com/IBM/fp-go/v2/function/gen.go:222.144,223.25 1 0
github.com/IBM/fp-go/v2/function/gen.go:223.25,225.4 1 0
github.com/IBM/fp-go/v2/function/gen.go:229.139,230.20 1 0
github.com/IBM/fp-go/v2/function/gen.go:230.20,232.4 1 0
github.com/IBM/fp-go/v2/function/gen.go:237.113,238.61 1 0
github.com/IBM/fp-go/v2/function/gen.go:238.61,239.51 1 0
github.com/IBM/fp-go/v2/function/gen.go:239.51,240.41 1 0
github.com/IBM/fp-go/v2/function/gen.go:240.41,241.31 1 0
github.com/IBM/fp-go/v2/function/gen.go:241.31,243.10 1 0
github.com/IBM/fp-go/v2/function/gen.go:251.115,252.46 1 0
github.com/IBM/fp-go/v2/function/gen.go:252.46,254.4 1 0
github.com/IBM/fp-go/v2/function/gen.go:258.102,259.53 1 0
github.com/IBM/fp-go/v2/function/gen.go:259.53,261.4 1 0
github.com/IBM/fp-go/v2/function/gen.go:265.104,266.52 1 0
github.com/IBM/fp-go/v2/function/gen.go:266.52,268.4 1 0
github.com/IBM/fp-go/v2/function/gen.go:272.66,273.35 1 0
github.com/IBM/fp-go/v2/function/gen.go:273.35,275.4 1 0
github.com/IBM/fp-go/v2/function/gen.go:280.170,282.2 1 0
github.com/IBM/fp-go/v2/function/gen.go:286.172,287.25 1 0
github.com/IBM/fp-go/v2/function/gen.go:287.25,289.4 1 0
github.com/IBM/fp-go/v2/function/gen.go:293.167,294.20 1 0
github.com/IBM/fp-go/v2/function/gen.go:294.20,296.4 1 0
github.com/IBM/fp-go/v2/function/gen.go:301.130,302.73 1 0
github.com/IBM/fp-go/v2/function/gen.go:302.73,303.63 1 0
github.com/IBM/fp-go/v2/function/gen.go:303.63,304.53 1 0
github.com/IBM/fp-go/v2/function/gen.go:304.53,305.43 1 0
github.com/IBM/fp-go/v2/function/gen.go:305.43,306.33 1 0
github.com/IBM/fp-go/v2/function/gen.go:306.33,308.12 1 0
github.com/IBM/fp-go/v2/function/gen.go:317.132,318.53 1 0
github.com/IBM/fp-go/v2/function/gen.go:318.53,320.4 1 0
github.com/IBM/fp-go/v2/function/gen.go:324.114,325.60 1 0
github.com/IBM/fp-go/v2/function/gen.go:325.60,327.4 1 0
github.com/IBM/fp-go/v2/function/gen.go:331.116,332.59 1 0
github.com/IBM/fp-go/v2/function/gen.go:332.59,334.4 1 0
github.com/IBM/fp-go/v2/function/gen.go:338.69,339.39 1 0
github.com/IBM/fp-go/v2/function/gen.go:339.39,341.4 1 0
github.com/IBM/fp-go/v2/function/gen.go:346.198,348.2 1 0
github.com/IBM/fp-go/v2/function/gen.go:352.200,353.25 1 0
github.com/IBM/fp-go/v2/function/gen.go:353.25,355.4 1 0
github.com/IBM/fp-go/v2/function/gen.go:359.195,360.20 1 0
github.com/IBM/fp-go/v2/function/gen.go:360.20,362.4 1 0
github.com/IBM/fp-go/v2/function/gen.go:367.147,368.85 1 0
github.com/IBM/fp-go/v2/function/gen.go:368.85,369.75 1 0
github.com/IBM/fp-go/v2/function/gen.go:369.75,370.65 1 0
github.com/IBM/fp-go/v2/function/gen.go:370.65,371.55 1 0
github.com/IBM/fp-go/v2/function/gen.go:371.55,372.45 1 0
github.com/IBM/fp-go/v2/function/gen.go:372.45,373.35 1 0
github.com/IBM/fp-go/v2/function/gen.go:373.35,375.14 1 0
github.com/IBM/fp-go/v2/function/gen.go:385.149,386.60 1 0
github.com/IBM/fp-go/v2/function/gen.go:386.60,388.4 1 0
github.com/IBM/fp-go/v2/function/gen.go:392.126,393.67 1 0
github.com/IBM/fp-go/v2/function/gen.go:393.67,395.4 1 0
github.com/IBM/fp-go/v2/function/gen.go:399.128,400.66 1 0
github.com/IBM/fp-go/v2/function/gen.go:400.66,402.4 1 0
github.com/IBM/fp-go/v2/function/gen.go:406.72,407.43 1 0
github.com/IBM/fp-go/v2/function/gen.go:407.43,409.4 1 0
github.com/IBM/fp-go/v2/function/gen.go:414.226,416.2 1 0
github.com/IBM/fp-go/v2/function/gen.go:420.228,421.25 1 0
github.com/IBM/fp-go/v2/function/gen.go:421.25,423.4 1 0
github.com/IBM/fp-go/v2/function/gen.go:427.223,428.20 1 0
github.com/IBM/fp-go/v2/function/gen.go:428.20,430.4 1 0
github.com/IBM/fp-go/v2/function/gen.go:435.164,436.97 1 0
github.com/IBM/fp-go/v2/function/gen.go:436.97,437.87 1 0
github.com/IBM/fp-go/v2/function/gen.go:437.87,438.77 1 0
github.com/IBM/fp-go/v2/function/gen.go:438.77,439.67 1 0
github.com/IBM/fp-go/v2/function/gen.go:439.67,440.57 1 0
github.com/IBM/fp-go/v2/function/gen.go:440.57,441.47 1 0
github.com/IBM/fp-go/v2/function/gen.go:441.47,442.37 1 0
github.com/IBM/fp-go/v2/function/gen.go:442.37,444.16 1 0
github.com/IBM/fp-go/v2/function/gen.go:455.166,456.67 1 0
github.com/IBM/fp-go/v2/function/gen.go:456.67,458.4 1 0
github.com/IBM/fp-go/v2/function/gen.go:462.138,463.74 1 0
github.com/IBM/fp-go/v2/function/gen.go:463.74,465.4 1 0
github.com/IBM/fp-go/v2/function/gen.go:469.140,470.73 1 0
github.com/IBM/fp-go/v2/function/gen.go:470.73,472.4 1 0
github.com/IBM/fp-go/v2/function/gen.go:476.75,477.47 1 0
github.com/IBM/fp-go/v2/function/gen.go:477.47,479.4 1 0
github.com/IBM/fp-go/v2/function/gen.go:484.254,486.2 1 0
github.com/IBM/fp-go/v2/function/gen.go:490.256,491.25 1 0
github.com/IBM/fp-go/v2/function/gen.go:491.25,493.4 1 0
github.com/IBM/fp-go/v2/function/gen.go:497.251,498.20 1 0
github.com/IBM/fp-go/v2/function/gen.go:498.20,500.4 1 0
github.com/IBM/fp-go/v2/function/gen.go:505.181,506.109 1 0
github.com/IBM/fp-go/v2/function/gen.go:506.109,507.99 1 0
github.com/IBM/fp-go/v2/function/gen.go:507.99,508.89 1 0
github.com/IBM/fp-go/v2/function/gen.go:508.89,509.79 1 0
github.com/IBM/fp-go/v2/function/gen.go:509.79,510.69 1 0
github.com/IBM/fp-go/v2/function/gen.go:510.69,511.59 1 0
github.com/IBM/fp-go/v2/function/gen.go:511.59,512.49 1 0
github.com/IBM/fp-go/v2/function/gen.go:512.49,513.39 1 0
github.com/IBM/fp-go/v2/function/gen.go:513.39,515.18 1 0
github.com/IBM/fp-go/v2/function/gen.go:527.183,528.74 1 0
github.com/IBM/fp-go/v2/function/gen.go:528.74,530.4 1 0
github.com/IBM/fp-go/v2/function/gen.go:534.150,535.81 1 0
github.com/IBM/fp-go/v2/function/gen.go:535.81,537.4 1 0
github.com/IBM/fp-go/v2/function/gen.go:541.152,542.80 1 0
github.com/IBM/fp-go/v2/function/gen.go:542.80,544.4 1 0
github.com/IBM/fp-go/v2/function/gen.go:548.78,549.51 1 0
github.com/IBM/fp-go/v2/function/gen.go:549.51,551.4 1 0
github.com/IBM/fp-go/v2/function/gen.go:556.282,558.2 1 0
github.com/IBM/fp-go/v2/function/gen.go:562.284,563.25 1 0
github.com/IBM/fp-go/v2/function/gen.go:563.25,565.4 1 0
github.com/IBM/fp-go/v2/function/gen.go:569.279,570.20 1 0
github.com/IBM/fp-go/v2/function/gen.go:570.20,572.4 1 0
github.com/IBM/fp-go/v2/function/gen.go:577.198,578.121 1 0
github.com/IBM/fp-go/v2/function/gen.go:578.121,579.111 1 0
github.com/IBM/fp-go/v2/function/gen.go:579.111,580.101 1 0
github.com/IBM/fp-go/v2/function/gen.go:580.101,581.91 1 0
github.com/IBM/fp-go/v2/function/gen.go:581.91,582.81 1 0
github.com/IBM/fp-go/v2/function/gen.go:582.81,583.71 1 0
github.com/IBM/fp-go/v2/function/gen.go:583.71,584.61 1 0
github.com/IBM/fp-go/v2/function/gen.go:584.61,585.51 1 0
github.com/IBM/fp-go/v2/function/gen.go:585.51,586.41 1 0
github.com/IBM/fp-go/v2/function/gen.go:586.41,588.20 1 0
github.com/IBM/fp-go/v2/function/gen.go:601.200,602.81 1 0
github.com/IBM/fp-go/v2/function/gen.go:602.81,604.4 1 0
github.com/IBM/fp-go/v2/function/gen.go:608.162,609.88 1 0
github.com/IBM/fp-go/v2/function/gen.go:609.88,611.4 1 0
github.com/IBM/fp-go/v2/function/gen.go:615.164,616.87 1 0
github.com/IBM/fp-go/v2/function/gen.go:616.87,618.4 1 0
github.com/IBM/fp-go/v2/function/gen.go:622.81,623.55 1 0
github.com/IBM/fp-go/v2/function/gen.go:623.55,625.4 1 0
github.com/IBM/fp-go/v2/function/gen.go:630.317,632.2 1 0
github.com/IBM/fp-go/v2/function/gen.go:636.319,637.26 1 0
github.com/IBM/fp-go/v2/function/gen.go:637.26,639.4 1 0
github.com/IBM/fp-go/v2/function/gen.go:643.314,644.21 1 0
github.com/IBM/fp-go/v2/function/gen.go:644.21,646.4 1 0
github.com/IBM/fp-go/v2/function/gen.go:651.219,652.134 1 0
github.com/IBM/fp-go/v2/function/gen.go:652.134,653.124 1 0
github.com/IBM/fp-go/v2/function/gen.go:653.124,654.114 1 0
github.com/IBM/fp-go/v2/function/gen.go:654.114,655.104 1 0
github.com/IBM/fp-go/v2/function/gen.go:655.104,656.94 1 0
github.com/IBM/fp-go/v2/function/gen.go:656.94,657.84 1 0
github.com/IBM/fp-go/v2/function/gen.go:657.84,658.74 1 0
github.com/IBM/fp-go/v2/function/gen.go:658.74,659.64 1 0
github.com/IBM/fp-go/v2/function/gen.go:659.64,660.54 1 0
github.com/IBM/fp-go/v2/function/gen.go:660.54,661.44 1 0
github.com/IBM/fp-go/v2/function/gen.go:661.44,663.22 1 0
github.com/IBM/fp-go/v2/function/gen.go:677.221,678.89 1 0
github.com/IBM/fp-go/v2/function/gen.go:678.89,680.4 1 0
github.com/IBM/fp-go/v2/function/gen.go:684.178,685.97 1 0
github.com/IBM/fp-go/v2/function/gen.go:685.97,687.4 1 0
github.com/IBM/fp-go/v2/function/gen.go:691.180,692.96 1 0
github.com/IBM/fp-go/v2/function/gen.go:692.96,694.4 1 0
github.com/IBM/fp-go/v2/function/gen.go:698.85,699.60 1 0
github.com/IBM/fp-go/v2/function/gen.go:699.60,701.4 1 0
github.com/IBM/fp-go/v2/function/gen.go:706.351,708.2 1 0
github.com/IBM/fp-go/v2/function/gen.go:712.353,713.26 1 0
github.com/IBM/fp-go/v2/function/gen.go:713.26,715.4 1 0
github.com/IBM/fp-go/v2/function/gen.go:719.348,720.21 1 0
github.com/IBM/fp-go/v2/function/gen.go:720.21,722.4 1 0
github.com/IBM/fp-go/v2/function/gen.go:727.239,728.148 1 0
github.com/IBM/fp-go/v2/function/gen.go:728.148,729.138 1 0
github.com/IBM/fp-go/v2/function/gen.go:729.138,730.128 1 0
github.com/IBM/fp-go/v2/function/gen.go:730.128,731.118 1 0
github.com/IBM/fp-go/v2/function/gen.go:731.118,732.108 1 0
github.com/IBM/fp-go/v2/function/gen.go:732.108,733.98 1 0
github.com/IBM/fp-go/v2/function/gen.go:733.98,734.88 1 0
github.com/IBM/fp-go/v2/function/gen.go:734.88,735.78 1 0
github.com/IBM/fp-go/v2/function/gen.go:735.78,736.68 1 0
github.com/IBM/fp-go/v2/function/gen.go:736.68,737.58 1 0
github.com/IBM/fp-go/v2/function/gen.go:737.58,738.48 1 0
github.com/IBM/fp-go/v2/function/gen.go:738.48,740.24 1 0
github.com/IBM/fp-go/v2/function/gen.go:755.241,756.98 1 0
github.com/IBM/fp-go/v2/function/gen.go:756.98,758.4 1 0
github.com/IBM/fp-go/v2/function/gen.go:762.193,763.106 1 0
github.com/IBM/fp-go/v2/function/gen.go:763.106,765.4 1 0
github.com/IBM/fp-go/v2/function/gen.go:769.195,770.105 1 0
github.com/IBM/fp-go/v2/function/gen.go:770.105,772.4 1 0
github.com/IBM/fp-go/v2/function/gen.go:776.88,777.65 1 0
github.com/IBM/fp-go/v2/function/gen.go:777.65,779.4 1 0
github.com/IBM/fp-go/v2/function/gen.go:784.385,786.2 1 0
github.com/IBM/fp-go/v2/function/gen.go:790.387,791.26 1 0
github.com/IBM/fp-go/v2/function/gen.go:791.26,793.4 1 0
github.com/IBM/fp-go/v2/function/gen.go:797.382,798.21 1 0
github.com/IBM/fp-go/v2/function/gen.go:798.21,800.4 1 0
github.com/IBM/fp-go/v2/function/gen.go:805.259,806.162 1 0
github.com/IBM/fp-go/v2/function/gen.go:806.162,807.152 1 0
github.com/IBM/fp-go/v2/function/gen.go:807.152,808.142 1 0
github.com/IBM/fp-go/v2/function/gen.go:808.142,809.132 1 0
github.com/IBM/fp-go/v2/function/gen.go:809.132,810.122 1 0
github.com/IBM/fp-go/v2/function/gen.go:810.122,811.112 1 0
github.com/IBM/fp-go/v2/function/gen.go:811.112,812.102 1 0
github.com/IBM/fp-go/v2/function/gen.go:812.102,813.92 1 0
github.com/IBM/fp-go/v2/function/gen.go:813.92,814.82 1 0
github.com/IBM/fp-go/v2/function/gen.go:814.82,815.72 1 0
github.com/IBM/fp-go/v2/function/gen.go:815.72,816.62 1 0
github.com/IBM/fp-go/v2/function/gen.go:816.62,817.50 1 0
github.com/IBM/fp-go/v2/function/gen.go:817.50,819.26 1 0
github.com/IBM/fp-go/v2/function/gen.go:835.261,836.107 1 0
github.com/IBM/fp-go/v2/function/gen.go:836.107,838.4 1 0
github.com/IBM/fp-go/v2/function/gen.go:842.208,843.115 1 0
github.com/IBM/fp-go/v2/function/gen.go:843.115,845.4 1 0
github.com/IBM/fp-go/v2/function/gen.go:849.210,850.114 1 0
github.com/IBM/fp-go/v2/function/gen.go:850.114,852.4 1 0
github.com/IBM/fp-go/v2/function/gen.go:856.91,857.70 1 0
github.com/IBM/fp-go/v2/function/gen.go:857.70,859.4 1 0
github.com/IBM/fp-go/v2/function/gen.go:864.419,866.2 1 0
github.com/IBM/fp-go/v2/function/gen.go:870.421,871.26 1 0
github.com/IBM/fp-go/v2/function/gen.go:871.26,873.4 1 0
github.com/IBM/fp-go/v2/function/gen.go:877.416,878.21 1 0
github.com/IBM/fp-go/v2/function/gen.go:878.21,880.4 1 0
github.com/IBM/fp-go/v2/function/gen.go:885.279,886.176 1 0
github.com/IBM/fp-go/v2/function/gen.go:886.176,887.166 1 0
github.com/IBM/fp-go/v2/function/gen.go:887.166,888.156 1 0
github.com/IBM/fp-go/v2/function/gen.go:888.156,889.146 1 0
github.com/IBM/fp-go/v2/function/gen.go:889.146,890.136 1 0
github.com/IBM/fp-go/v2/function/gen.go:890.136,891.126 1 0
github.com/IBM/fp-go/v2/function/gen.go:891.126,892.116 1 0
github.com/IBM/fp-go/v2/function/gen.go:892.116,893.106 1 0
github.com/IBM/fp-go/v2/function/gen.go:893.106,894.96 1 0
github.com/IBM/fp-go/v2/function/gen.go:894.96,895.86 1 0
github.com/IBM/fp-go/v2/function/gen.go:895.86,896.76 1 0
github.com/IBM/fp-go/v2/function/gen.go:896.76,897.64 1 0
github.com/IBM/fp-go/v2/function/gen.go:897.64,898.52 1 0
github.com/IBM/fp-go/v2/function/gen.go:898.52,900.28 1 0
github.com/IBM/fp-go/v2/function/gen.go:917.281,918.116 1 0
github.com/IBM/fp-go/v2/function/gen.go:918.116,920.4 1 0
github.com/IBM/fp-go/v2/function/gen.go:924.223,925.124 1 0
github.com/IBM/fp-go/v2/function/gen.go:925.124,927.4 1 0
github.com/IBM/fp-go/v2/function/gen.go:931.225,932.123 1 0
github.com/IBM/fp-go/v2/function/gen.go:932.123,934.4 1 0
github.com/IBM/fp-go/v2/function/gen.go:938.94,939.75 1 0
github.com/IBM/fp-go/v2/function/gen.go:939.75,941.4 1 0
github.com/IBM/fp-go/v2/function/gen.go:946.453,948.2 1 0
github.com/IBM/fp-go/v2/function/gen.go:952.455,953.26 1 0
github.com/IBM/fp-go/v2/function/gen.go:953.26,955.4 1 0
github.com/IBM/fp-go/v2/function/gen.go:959.450,960.21 1 0
github.com/IBM/fp-go/v2/function/gen.go:960.21,962.4 1 0
github.com/IBM/fp-go/v2/function/gen.go:967.299,968.190 1 0
github.com/IBM/fp-go/v2/function/gen.go:968.190,969.180 1 0
github.com/IBM/fp-go/v2/function/gen.go:969.180,970.170 1 0
github.com/IBM/fp-go/v2/function/gen.go:970.170,971.160 1 0
github.com/IBM/fp-go/v2/function/gen.go:971.160,972.150 1 0
github.com/IBM/fp-go/v2/function/gen.go:972.150,973.140 1 0
github.com/IBM/fp-go/v2/function/gen.go:973.140,974.130 1 0
github.com/IBM/fp-go/v2/function/gen.go:974.130,975.120 1 0
github.com/IBM/fp-go/v2/function/gen.go:975.120,976.110 1 0
github.com/IBM/fp-go/v2/function/gen.go:976.110,977.100 1 0
github.com/IBM/fp-go/v2/function/gen.go:977.100,978.90 1 0
github.com/IBM/fp-go/v2/function/gen.go:978.90,979.78 1 0
github.com/IBM/fp-go/v2/function/gen.go:979.78,980.66 1 0
github.com/IBM/fp-go/v2/function/gen.go:980.66,981.54 1 0
github.com/IBM/fp-go/v2/function/gen.go:981.54,983.30 1 0
github.com/IBM/fp-go/v2/function/gen.go:1001.301,1002.125 1 0
github.com/IBM/fp-go/v2/function/gen.go:1002.125,1004.4 1 0
github.com/IBM/fp-go/v2/function/gen.go:1008.238,1009.133 1 0
github.com/IBM/fp-go/v2/function/gen.go:1009.133,1011.4 1 0
github.com/IBM/fp-go/v2/function/gen.go:1015.240,1016.132 1 0
github.com/IBM/fp-go/v2/function/gen.go:1016.132,1018.4 1 0
github.com/IBM/fp-go/v2/function/gen.go:1022.97,1023.80 1 0
github.com/IBM/fp-go/v2/function/gen.go:1023.80,1025.4 1 0
github.com/IBM/fp-go/v2/function/gen.go:1030.487,1032.2 1 0
github.com/IBM/fp-go/v2/function/gen.go:1036.489,1037.26 1 0
github.com/IBM/fp-go/v2/function/gen.go:1037.26,1039.4 1 0
github.com/IBM/fp-go/v2/function/gen.go:1043.484,1044.21 1 0
github.com/IBM/fp-go/v2/function/gen.go:1044.21,1046.4 1 0
github.com/IBM/fp-go/v2/function/gen.go:1051.319,1052.204 1 0
github.com/IBM/fp-go/v2/function/gen.go:1052.204,1053.194 1 0
github.com/IBM/fp-go/v2/function/gen.go:1053.194,1054.184 1 0
github.com/IBM/fp-go/v2/function/gen.go:1054.184,1055.174 1 0
github.com/IBM/fp-go/v2/function/gen.go:1055.174,1056.164 1 0
github.com/IBM/fp-go/v2/function/gen.go:1056.164,1057.154 1 0
github.com/IBM/fp-go/v2/function/gen.go:1057.154,1058.144 1 0
github.com/IBM/fp-go/v2/function/gen.go:1058.144,1059.134 1 0
github.com/IBM/fp-go/v2/function/gen.go:1059.134,1060.124 1 0
github.com/IBM/fp-go/v2/function/gen.go:1060.124,1061.114 1 0
github.com/IBM/fp-go/v2/function/gen.go:1061.114,1062.104 1 0
github.com/IBM/fp-go/v2/function/gen.go:1062.104,1063.92 1 0
github.com/IBM/fp-go/v2/function/gen.go:1063.92,1064.80 1 0
github.com/IBM/fp-go/v2/function/gen.go:1064.80,1065.68 1 0
github.com/IBM/fp-go/v2/function/gen.go:1065.68,1066.56 1 0
github.com/IBM/fp-go/v2/function/gen.go:1066.56,1068.32 1 0
github.com/IBM/fp-go/v2/function/gen.go:1087.321,1088.134 1 0
github.com/IBM/fp-go/v2/function/gen.go:1088.134,1090.4 1 0
github.com/IBM/fp-go/v2/function/gen.go:1094.253,1095.142 1 0
github.com/IBM/fp-go/v2/function/gen.go:1095.142,1097.4 1 0
github.com/IBM/fp-go/v2/function/gen.go:1101.255,1102.141 1 0
github.com/IBM/fp-go/v2/function/gen.go:1102.141,1104.4 1 0
github.com/IBM/fp-go/v2/function/gen.go:1108.100,1109.85 1 0
github.com/IBM/fp-go/v2/function/gen.go:1109.85,1111.4 1 0
github.com/IBM/fp-go/v2/function/gen.go:1116.521,1118.2 1 0
github.com/IBM/fp-go/v2/function/gen.go:1122.523,1123.26 1 0
github.com/IBM/fp-go/v2/function/gen.go:1123.26,1125.4 1 0
github.com/IBM/fp-go/v2/function/gen.go:1129.518,1130.21 1 0
github.com/IBM/fp-go/v2/function/gen.go:1130.21,1132.4 1 0
github.com/IBM/fp-go/v2/function/gen.go:1137.339,1138.218 1 0
github.com/IBM/fp-go/v2/function/gen.go:1138.218,1139.208 1 0
github.com/IBM/fp-go/v2/function/gen.go:1139.208,1140.198 1 0
github.com/IBM/fp-go/v2/function/gen.go:1140.198,1141.188 1 0
github.com/IBM/fp-go/v2/function/gen.go:1141.188,1142.178 1 0
github.com/IBM/fp-go/v2/function/gen.go:1142.178,1143.168 1 0
github.com/IBM/fp-go/v2/function/gen.go:1143.168,1144.158 1 0
github.com/IBM/fp-go/v2/function/gen.go:1144.158,1145.148 1 0
github.com/IBM/fp-go/v2/function/gen.go:1145.148,1146.138 1 0
github.com/IBM/fp-go/v2/function/gen.go:1146.138,1147.128 1 0
github.com/IBM/fp-go/v2/function/gen.go:1147.128,1148.118 1 0
github.com/IBM/fp-go/v2/function/gen.go:1148.118,1149.106 1 0
github.com/IBM/fp-go/v2/function/gen.go:1149.106,1150.94 1 0
github.com/IBM/fp-go/v2/function/gen.go:1150.94,1151.82 1 0
github.com/IBM/fp-go/v2/function/gen.go:1151.82,1152.70 1 0
github.com/IBM/fp-go/v2/function/gen.go:1152.70,1153.58 1 0
github.com/IBM/fp-go/v2/function/gen.go:1153.58,1155.34 1 0
github.com/IBM/fp-go/v2/function/gen.go:1175.341,1176.143 1 0
github.com/IBM/fp-go/v2/function/gen.go:1176.143,1178.4 1 0
github.com/IBM/fp-go/v2/function/gen.go:1182.268,1183.151 1 0
github.com/IBM/fp-go/v2/function/gen.go:1183.151,1185.4 1 0
github.com/IBM/fp-go/v2/function/gen.go:1189.270,1190.150 1 0
github.com/IBM/fp-go/v2/function/gen.go:1190.150,1192.4 1 0
github.com/IBM/fp-go/v2/function/gen.go:1196.103,1197.90 1 0
github.com/IBM/fp-go/v2/function/gen.go:1197.90,1199.4 1 0
github.com/IBM/fp-go/v2/function/gen.go:1204.555,1206.2 1 0
github.com/IBM/fp-go/v2/function/gen.go:1210.557,1211.26 1 0
github.com/IBM/fp-go/v2/function/gen.go:1211.26,1213.4 1 0
github.com/IBM/fp-go/v2/function/gen.go:1217.552,1218.21 1 0
github.com/IBM/fp-go/v2/function/gen.go:1218.21,1220.4 1 0
github.com/IBM/fp-go/v2/function/gen.go:1225.359,1226.232 1 0
github.com/IBM/fp-go/v2/function/gen.go:1226.232,1227.222 1 0
github.com/IBM/fp-go/v2/function/gen.go:1227.222,1228.212 1 0
github.com/IBM/fp-go/v2/function/gen.go:1228.212,1229.202 1 0
github.com/IBM/fp-go/v2/function/gen.go:1229.202,1230.192 1 0
github.com/IBM/fp-go/v2/function/gen.go:1230.192,1231.182 1 0
github.com/IBM/fp-go/v2/function/gen.go:1231.182,1232.172 1 0
github.com/IBM/fp-go/v2/function/gen.go:1232.172,1233.162 1 0
github.com/IBM/fp-go/v2/function/gen.go:1233.162,1234.152 1 0
github.com/IBM/fp-go/v2/function/gen.go:1234.152,1235.142 1 0
github.com/IBM/fp-go/v2/function/gen.go:1235.142,1236.132 1 0
github.com/IBM/fp-go/v2/function/gen.go:1236.132,1237.120 1 0
github.com/IBM/fp-go/v2/function/gen.go:1237.120,1238.108 1 0
github.com/IBM/fp-go/v2/function/gen.go:1238.108,1239.96 1 0
github.com/IBM/fp-go/v2/function/gen.go:1239.96,1240.84 1 0
github.com/IBM/fp-go/v2/function/gen.go:1240.84,1241.72 1 0
github.com/IBM/fp-go/v2/function/gen.go:1241.72,1242.60 1 0
github.com/IBM/fp-go/v2/function/gen.go:1242.60,1244.36 1 0
github.com/IBM/fp-go/v2/function/gen.go:1265.361,1266.152 1 0
github.com/IBM/fp-go/v2/function/gen.go:1266.152,1268.4 1 0
github.com/IBM/fp-go/v2/function/gen.go:1272.283,1273.160 1 0
github.com/IBM/fp-go/v2/function/gen.go:1273.160,1275.4 1 0
github.com/IBM/fp-go/v2/function/gen.go:1279.285,1280.159 1 0
github.com/IBM/fp-go/v2/function/gen.go:1280.159,1282.4 1 0
github.com/IBM/fp-go/v2/function/gen.go:1286.106,1287.95 1 0
github.com/IBM/fp-go/v2/function/gen.go:1287.95,1289.4 1 0
github.com/IBM/fp-go/v2/function/gen.go:1294.589,1296.2 1 0
github.com/IBM/fp-go/v2/function/gen.go:1300.591,1301.26 1 0
github.com/IBM/fp-go/v2/function/gen.go:1301.26,1303.4 1 0
github.com/IBM/fp-go/v2/function/gen.go:1307.586,1308.21 1 0
github.com/IBM/fp-go/v2/function/gen.go:1308.21,1310.4 1 0
github.com/IBM/fp-go/v2/function/gen.go:1315.379,1316.246 1 0
github.com/IBM/fp-go/v2/function/gen.go:1316.246,1317.236 1 0
github.com/IBM/fp-go/v2/function/gen.go:1317.236,1318.226 1 0
github.com/IBM/fp-go/v2/function/gen.go:1318.226,1319.216 1 0
github.com/IBM/fp-go/v2/function/gen.go:1319.216,1320.206 1 0
github.com/IBM/fp-go/v2/function/gen.go:1320.206,1321.196 1 0
github.com/IBM/fp-go/v2/function/gen.go:1321.196,1322.186 1 0
github.com/IBM/fp-go/v2/function/gen.go:1322.186,1323.176 1 0
github.com/IBM/fp-go/v2/function/gen.go:1323.176,1324.166 1 0
github.com/IBM/fp-go/v2/function/gen.go:1324.166,1325.156 1 0
github.com/IBM/fp-go/v2/function/gen.go:1325.156,1326.146 1 0
github.com/IBM/fp-go/v2/function/gen.go:1326.146,1327.134 1 0
github.com/IBM/fp-go/v2/function/gen.go:1327.134,1328.122 1 0
github.com/IBM/fp-go/v2/function/gen.go:1328.122,1329.110 1 0
github.com/IBM/fp-go/v2/function/gen.go:1329.110,1330.98 1 0
github.com/IBM/fp-go/v2/function/gen.go:1330.98,1331.86 1 0
github.com/IBM/fp-go/v2/function/gen.go:1331.86,1332.74 1 0
github.com/IBM/fp-go/v2/function/gen.go:1332.74,1333.62 1 0
github.com/IBM/fp-go/v2/function/gen.go:1333.62,1335.38 1 0
github.com/IBM/fp-go/v2/function/gen.go:1357.381,1358.161 1 0
github.com/IBM/fp-go/v2/function/gen.go:1358.161,1360.4 1 0
github.com/IBM/fp-go/v2/function/gen.go:1364.298,1365.169 1 0
github.com/IBM/fp-go/v2/function/gen.go:1365.169,1367.4 1 0
github.com/IBM/fp-go/v2/function/gen.go:1371.300,1372.168 1 0
github.com/IBM/fp-go/v2/function/gen.go:1372.168,1374.4 1 0
github.com/IBM/fp-go/v2/function/gen.go:1378.109,1379.100 1 0
github.com/IBM/fp-go/v2/function/gen.go:1379.100,1381.4 1 0
github.com/IBM/fp-go/v2/function/gen.go:1386.623,1388.2 1 0
github.com/IBM/fp-go/v2/function/gen.go:1392.625,1393.26 1 0
github.com/IBM/fp-go/v2/function/gen.go:1393.26,1395.4 1 0
github.com/IBM/fp-go/v2/function/gen.go:1399.620,1400.21 1 0
github.com/IBM/fp-go/v2/function/gen.go:1400.21,1402.4 1 0
github.com/IBM/fp-go/v2/function/gen.go:1407.399,1408.260 1 0
github.com/IBM/fp-go/v2/function/gen.go:1408.260,1409.250 1 0
github.com/IBM/fp-go/v2/function/gen.go:1409.250,1410.240 1 0
github.com/IBM/fp-go/v2/function/gen.go:1410.240,1411.230 1 0
github.com/IBM/fp-go/v2/function/gen.go:1411.230,1412.220 1 0
github.com/IBM/fp-go/v2/function/gen.go:1412.220,1413.210 1 0
github.com/IBM/fp-go/v2/function/gen.go:1413.210,1414.200 1 0
github.com/IBM/fp-go/v2/function/gen.go:1414.200,1415.190 1 0
github.com/IBM/fp-go/v2/function/gen.go:1415.190,1416.180 1 0
github.com/IBM/fp-go/v2/function/gen.go:1416.180,1417.170 1 0
github.com/IBM/fp-go/v2/function/gen.go:1417.170,1418.160 1 0
github.com/IBM/fp-go/v2/function/gen.go:1418.160,1419.148 1 0
github.com/IBM/fp-go/v2/function/gen.go:1419.148,1420.136 1 0
github.com/IBM/fp-go/v2/function/gen.go:1420.136,1421.124 1 0
github.com/IBM/fp-go/v2/function/gen.go:1421.124,1422.112 1 0
github.com/IBM/fp-go/v2/function/gen.go:1422.112,1423.100 1 0
github.com/IBM/fp-go/v2/function/gen.go:1423.100,1424.88 1 0
github.com/IBM/fp-go/v2/function/gen.go:1424.88,1425.76 1 0
github.com/IBM/fp-go/v2/function/gen.go:1425.76,1426.64 1 0
github.com/IBM/fp-go/v2/function/gen.go:1426.64,1428.40 1 0
github.com/IBM/fp-go/v2/function/gen.go:1451.401,1452.170 1 0
github.com/IBM/fp-go/v2/function/gen.go:1452.170,1454.4 1 0
github.com/IBM/fp-go/v2/function/gen.go:1458.313,1459.178 1 0
github.com/IBM/fp-go/v2/function/gen.go:1459.178,1461.4 1 0
github.com/IBM/fp-go/v2/function/gen.go:1465.315,1466.177 1 0
github.com/IBM/fp-go/v2/function/gen.go:1466.177,1468.4 1 0
github.com/IBM/fp-go/v2/function/gen.go:1472.112,1473.105 1 0
github.com/IBM/fp-go/v2/function/gen.go:1473.105,1475.4 1 0
github.com/IBM/fp-go/v2/function/gen.go:1480.657,1482.2 1 0
github.com/IBM/fp-go/v2/function/gen.go:1486.659,1487.26 1 0
github.com/IBM/fp-go/v2/function/gen.go:1487.26,1489.4 1 0
github.com/IBM/fp-go/v2/function/gen.go:1493.654,1494.21 1 0
github.com/IBM/fp-go/v2/function/gen.go:1494.21,1496.4 1 0
github.com/IBM/fp-go/v2/function/gen.go:1501.419,1502.274 1 0
github.com/IBM/fp-go/v2/function/gen.go:1502.274,1503.264 1 0
github.com/IBM/fp-go/v2/function/gen.go:1503.264,1504.254 1 0
github.com/IBM/fp-go/v2/function/gen.go:1504.254,1505.244 1 0
github.com/IBM/fp-go/v2/function/gen.go:1505.244,1506.234 1 0
github.com/IBM/fp-go/v2/function/gen.go:1506.234,1507.224 1 0
github.com/IBM/fp-go/v2/function/gen.go:1507.224,1508.214 1 0
github.com/IBM/fp-go/v2/function/gen.go:1508.214,1509.204 1 0
github.com/IBM/fp-go/v2/function/gen.go:1509.204,1510.194 1 0
github.com/IBM/fp-go/v2/function/gen.go:1510.194,1511.184 1 0
github.com/IBM/fp-go/v2/function/gen.go:1511.184,1512.174 1 0
github.com/IBM/fp-go/v2/function/gen.go:1512.174,1513.162 1 0
github.com/IBM/fp-go/v2/function/gen.go:1513.162,1514.150 1 0
github.com/IBM/fp-go/v2/function/gen.go:1514.150,1515.138 1 0
github.com/IBM/fp-go/v2/function/gen.go:1515.138,1516.126 1 0
github.com/IBM/fp-go/v2/function/gen.go:1516.126,1517.114 1 0
github.com/IBM/fp-go/v2/function/gen.go:1517.114,1518.102 1 0
github.com/IBM/fp-go/v2/function/gen.go:1518.102,1519.90 1 0
github.com/IBM/fp-go/v2/function/gen.go:1519.90,1520.78 1 0
github.com/IBM/fp-go/v2/function/gen.go:1520.78,1521.66 1 0
github.com/IBM/fp-go/v2/function/gen.go:1521.66,1523.42 1 0
github.com/IBM/fp-go/v2/function/gen.go:1547.421,1548.179 1 0
github.com/IBM/fp-go/v2/function/gen.go:1548.179,1550.4 1 0
github.com/IBM/fp-go/v2/function/gen.go:1554.328,1555.187 1 0
github.com/IBM/fp-go/v2/function/gen.go:1555.187,1557.4 1 0
github.com/IBM/fp-go/v2/function/gen.go:1561.330,1562.186 1 0
github.com/IBM/fp-go/v2/function/gen.go:1562.186,1564.4 1 0
github.com/IBM/fp-go/v2/function/gen.go:1568.115,1569.110 1 0
github.com/IBM/fp-go/v2/function/gen.go:1569.110,1571.4 1 0
github.com/IBM/fp-go/v2/function/ref.go:48.25,50.2 1 1
github.com/IBM/fp-go/v2/function/ref.go:83.27,85.2 1 1
github.com/IBM/fp-go/v2/function/switch.go:94.93,96.2 1 1
github.com/IBM/fp-go/v2/function/ternary.go:54.90,55.21 1 1
github.com/IBM/fp-go/v2/function/ternary.go:55.21,56.14 1 1
github.com/IBM/fp-go/v2/function/ternary.go:56.14,58.4 1 1
github.com/IBM/fp-go/v2/function/ternary.go:59.3,59.20 1 1
github.com/IBM/fp-go/v2/function/type.go:47.28,49.2 1 1
