mode: set
github.com/IBM/fp-go/v2/readerioeither/bind.go:26.27,28.2 1 1
github.com/IBM/fp-go/v2/readerioeither/bind.go:34.26,36.2 1 1
github.com/IBM/fp-go/v2/readerioeither/bind.go:42.26,44.2 1 1
github.com/IBM/fp-go/v2/readerioeither/bind.go:50.26,52.2 1 1
github.com/IBM/fp-go/v2/readerioeither/bind.go:57.25,59.2 1 1
github.com/IBM/fp-go/v2/readerioeither/bind.go:65.26,67.2 1 1
github.com/IBM/fp-go/v2/readerioeither/bracket.go:31.27,33.2 1 1
github.com/IBM/fp-go/v2/readerioeither/eq.go:25.92,27.2 1 1
github.com/IBM/fp-go/v2/readerioeither/eq.go:30.88,32.2 1 1
github.com/IBM/fp-go/v2/readerioeither/gen.go:14.92,16.2 1 0
github.com/IBM/fp-go/v2/readerioeither/gen.go:20.90,22.2 1 0
github.com/IBM/fp-go/v2/readerioeither/gen.go:26.92,28.2 1 0
github.com/IBM/fp-go/v2/readerioeither/gen.go:32.102,34.2 1 0
github.com/IBM/fp-go/v2/readerioeither/gen.go:38.100,40.2 1 0
github.com/IBM/fp-go/v2/readerioeither/gen.go:44.102,46.2 1 0
github.com/IBM/fp-go/v2/readerioeither/gen.go:50.114,52.2 1 0
github.com/IBM/fp-go/v2/readerioeither/gen.go:56.112,58.2 1 0
github.com/IBM/fp-go/v2/readerioeither/gen.go:62.114,64.2 1 0
github.com/IBM/fp-go/v2/readerioeither/gen.go:68.126,70.2 1 0
github.com/IBM/fp-go/v2/readerioeither/gen.go:74.124,76.2 1 0
github.com/IBM/fp-go/v2/readerioeither/gen.go:80.126,82.2 1 0
github.com/IBM/fp-go/v2/readerioeither/gen.go:86.138,88.2 1 0
github.com/IBM/fp-go/v2/readerioeither/gen.go:92.136,94.2 1 0
github.com/IBM/fp-go/v2/readerioeither/gen.go:98.138,100.2 1 0
github.com/IBM/fp-go/v2/readerioeither/gen.go:104.150,106.2 1 0
github.com/IBM/fp-go/v2/readerioeither/gen.go:110.148,112.2 1 0
github.com/IBM/fp-go/v2/readerioeither/gen.go:116.150,118.2 1 0
github.com/IBM/fp-go/v2/readerioeither/gen.go:122.162,124.2 1 0
github.com/IBM/fp-go/v2/readerioeither/gen.go:128.160,130.2 1 0
github.com/IBM/fp-go/v2/readerioeither/gen.go:134.162,136.2 1 0
github.com/IBM/fp-go/v2/readerioeither/gen.go:140.174,142.2 1 0
github.com/IBM/fp-go/v2/readerioeither/gen.go:146.172,148.2 1 0
github.com/IBM/fp-go/v2/readerioeither/gen.go:152.174,154.2 1 0
github.com/IBM/fp-go/v2/readerioeither/gen.go:158.186,160.2 1 0
github.com/IBM/fp-go/v2/readerioeither/gen.go:164.184,166.2 1 0
github.com/IBM/fp-go/v2/readerioeither/gen.go:170.186,172.2 1 0
github.com/IBM/fp-go/v2/readerioeither/gen.go:176.198,178.2 1 0
github.com/IBM/fp-go/v2/readerioeither/gen.go:182.196,184.2 1 0
github.com/IBM/fp-go/v2/readerioeither/gen.go:188.198,190.2 1 0
github.com/IBM/fp-go/v2/readerioeither/gen.go:194.211,196.2 1 0
github.com/IBM/fp-go/v2/readerioeither/gen.go:200.209,202.2 1 0
github.com/IBM/fp-go/v2/readerioeither/gen.go:206.211,208.2 1 0
github.com/IBM/fp-go/v2/readerioeither/monad.go:26.73,28.2 1 1
github.com/IBM/fp-go/v2/readerioeither/monad.go:31.104,33.2 1 1
github.com/IBM/fp-go/v2/readerioeither/monad.go:36.131,38.2 1 1
github.com/IBM/fp-go/v2/readerioeither/reader.go:40.92,46.2 1 1
github.com/IBM/fp-go/v2/readerioeither/reader.go:50.90,52.2 1 1
github.com/IBM/fp-go/v2/readerioeither/reader.go:55.76,60.2 1 1
github.com/IBM/fp-go/v2/readerioeither/reader.go:63.75,68.2 1 1
github.com/IBM/fp-go/v2/readerioeither/reader.go:73.96,75.2 1 1
github.com/IBM/fp-go/v2/readerioeither/reader.go:79.60,81.2 1 1
github.com/IBM/fp-go/v2/readerioeither/reader.go:85.90,87.2 1 1
github.com/IBM/fp-go/v2/readerioeither/reader.go:91.54,93.2 1 1
github.com/IBM/fp-go/v2/readerioeither/reader.go:98.120,104.2 1 1
github.com/IBM/fp-go/v2/readerioeither/reader.go:108.125,114.2 1 1
github.com/IBM/fp-go/v2/readerioeither/reader.go:118.123,125.2 1 1
github.com/IBM/fp-go/v2/readerioeither/reader.go:129.87,135.2 1 0
github.com/IBM/fp-go/v2/readerioeither/reader.go:139.128,147.2 1 1
github.com/IBM/fp-go/v2/readerioeither/reader.go:151.92,158.2 1 1
github.com/IBM/fp-go/v2/readerioeither/reader.go:162.116,169.2 1 1
github.com/IBM/fp-go/v2/readerioeither/reader.go:173.80,179.2 1 1
github.com/IBM/fp-go/v2/readerioeither/reader.go:183.124,190.2 1 1
github.com/IBM/fp-go/v2/readerioeither/reader.go:194.88,200.2 1 1
github.com/IBM/fp-go/v2/readerioeither/reader.go:204.108,211.2 1 1
github.com/IBM/fp-go/v2/readerioeither/reader.go:215.72,221.2 1 1
github.com/IBM/fp-go/v2/readerioeither/reader.go:225.113,233.2 1 1
github.com/IBM/fp-go/v2/readerioeither/reader.go:237.77,244.2 1 1
github.com/IBM/fp-go/v2/readerioeither/reader.go:248.99,254.2 1 1
github.com/IBM/fp-go/v2/readerioeither/reader.go:258.119,265.2 1 1
github.com/IBM/fp-go/v2/readerioeither/reader.go:268.122,275.2 1 1
github.com/IBM/fp-go/v2/readerioeither/reader.go:278.122,285.2 1 1
github.com/IBM/fp-go/v2/readerioeither/reader.go:289.119,291.2 1 1
github.com/IBM/fp-go/v2/readerioeither/reader.go:295.84,300.2 1 1
github.com/IBM/fp-go/v2/readerioeither/reader.go:304.89,309.2 1 1
github.com/IBM/fp-go/v2/readerioeither/reader.go:312.54,314.2 1 1
github.com/IBM/fp-go/v2/readerioeither/reader.go:317.53,319.2 1 1
github.com/IBM/fp-go/v2/readerioeither/reader.go:323.59,325.2 1 1
github.com/IBM/fp-go/v2/readerioeither/reader.go:329.51,331.2 1 1
github.com/IBM/fp-go/v2/readerioeither/reader.go:335.102,337.2 1 1
github.com/IBM/fp-go/v2/readerioeither/reader.go:341.77,343.2 1 1
github.com/IBM/fp-go/v2/readerioeither/reader.go:346.72,348.2 1 1
github.com/IBM/fp-go/v2/readerioeither/reader.go:351.71,353.2 1 1
github.com/IBM/fp-go/v2/readerioeither/reader.go:357.71,359.2 1 1
github.com/IBM/fp-go/v2/readerioeither/reader.go:362.64,364.2 1 1
github.com/IBM/fp-go/v2/readerioeither/reader.go:367.63,369.2 1 1
github.com/IBM/fp-go/v2/readerioeither/reader.go:373.63,375.2 1 1
github.com/IBM/fp-go/v2/readerioeither/reader.go:379.79,381.2 1 1
github.com/IBM/fp-go/v2/readerioeither/reader.go:385.89,387.2 1 1
github.com/IBM/fp-go/v2/readerioeither/reader.go:391.46,393.2 1 1
github.com/IBM/fp-go/v2/readerioeither/reader.go:397.64,399.2 1 1
github.com/IBM/fp-go/v2/readerioeither/reader.go:403.89,405.2 1 1
github.com/IBM/fp-go/v2/readerioeither/reader.go:409.103,411.2 1 1
github.com/IBM/fp-go/v2/readerioeither/reader.go:415.135,417.2 1 1
github.com/IBM/fp-go/v2/readerioeither/reader.go:421.105,423.2 1 1
github.com/IBM/fp-go/v2/readerioeither/reader.go:427.129,429.2 1 1
github.com/IBM/fp-go/v2/readerioeither/reader.go:433.120,440.2 1 1
github.com/IBM/fp-go/v2/readerioeither/reader.go:444.120,449.2 1 1
github.com/IBM/fp-go/v2/readerioeither/reader.go:453.117,455.2 1 1
github.com/IBM/fp-go/v2/readerioeither/reader.go:459.77,461.2 1 1
github.com/IBM/fp-go/v2/readerioeither/reader.go:465.86,467.2 1 1
github.com/IBM/fp-go/v2/readerioeither/reader.go:471.104,472.34 1 1
github.com/IBM/fp-go/v2/readerioeither/reader.go:472.34,474.3 1 1
github.com/IBM/fp-go/v2/readerioeither/reader.go:479.123,487.2 1 1
github.com/IBM/fp-go/v2/readerioeither/reader.go:491.84,498.2 1 1
github.com/IBM/fp-go/v2/readerioeither/reader.go:503.68,505.2 1 1
github.com/IBM/fp-go/v2/readerioeither/reader.go:509.98,511.2 1 1
github.com/IBM/fp-go/v2/readerioeither/reader.go:515.94,517.2 1 1
github.com/IBM/fp-go/v2/readerioeither/reader.go:520.106,522.2 1 1
github.com/IBM/fp-go/v2/readerioeither/reader.go:526.103,528.2 1 1
github.com/IBM/fp-go/v2/readerioeither/reader.go:533.101,535.2 1 1
github.com/IBM/fp-go/v2/readerioeither/resource.go:21.181,22.73 1 1
github.com/IBM/fp-go/v2/readerioeither/resource.go:22.73,23.44 1 1
github.com/IBM/fp-go/v2/readerioeither/resource.go:23.44,27.41 1 1
github.com/IBM/fp-go/v2/readerioeither/resource.go:27.41,29.6 1 1
github.com/IBM/fp-go/v2/readerioeither/resource.go:30.40,32.5 1 1
github.com/IBM/fp-go/v2/readerioeither/sequence.go:25.91,30.2 1 1
github.com/IBM/fp-go/v2/readerioeither/sequence.go:32.124,38.2 1 1
github.com/IBM/fp-go/v2/readerioeither/sequence.go:40.157,47.2 1 1
github.com/IBM/fp-go/v2/readerioeither/sequence.go:49.190,57.2 1 1
github.com/IBM/fp-go/v2/readerioeither/sync.go:26.81,28.2 1 1
github.com/IBM/fp-go/v2/readerioeither/traverse.go:23.107,25.2 1 1
github.com/IBM/fp-go/v2/readerioeither/traverse.go:28.121,30.2 1 1
github.com/IBM/fp-go/v2/readerioeither/traverse.go:33.89,35.2 1 1
github.com/IBM/fp-go/v2/readerioeither/traverse.go:38.134,40.2 1 1
github.com/IBM/fp-go/v2/readerioeither/traverse.go:43.146,45.2 1 1
github.com/IBM/fp-go/v2/readerioeither/traverse.go:48.116,50.2 1 1
