mode: set
github.com/IBM/fp-go/v2/record/bind.go:33.40,35.2 1 0
github.com/IBM/fp-go/v2/record/bind.go:71.144,73.2 1 0
github.com/IBM/fp-go/v2/record/bind.go:79.27,81.2 1 0
github.com/IBM/fp-go/v2/record/bind.go:87.27,89.2 1 0
github.com/IBM/fp-go/v2/record/bind.go:92.80,94.2 1 0
github.com/IBM/fp-go/v2/record/bind.go:129.135,131.2 1 0
github.com/IBM/fp-go/v2/record/eq.go:23.55,25.2 1 0
github.com/IBM/fp-go/v2/record/eq.go:28.56,30.2 1 1
github.com/IBM/fp-go/v2/record/monoid.go:25.75,27.2 1 1
github.com/IBM/fp-go/v2/record/monoid.go:30.63,32.2 1 1
github.com/IBM/fp-go/v2/record/monoid.go:35.64,37.2 1 1
github.com/IBM/fp-go/v2/record/monoid.go:40.59,42.2 1 1
github.com/IBM/fp-go/v2/record/record.go:28.51,30.2 1 1
github.com/IBM/fp-go/v2/record/record.go:33.54,35.2 1 1
github.com/IBM/fp-go/v2/record/record.go:38.47,40.2 1 1
github.com/IBM/fp-go/v2/record/record.go:43.49,45.2 1 1
github.com/IBM/fp-go/v2/record/record.go:48.72,50.2 1 1
github.com/IBM/fp-go/v2/record/record.go:53.92,55.2 1 1
github.com/IBM/fp-go/v2/record/record.go:57.80,59.2 1 1
github.com/IBM/fp-go/v2/record/record.go:61.92,63.2 1 1
github.com/IBM/fp-go/v2/record/record.go:65.84,67.2 1 1
github.com/IBM/fp-go/v2/record/record.go:69.96,71.2 1 1
github.com/IBM/fp-go/v2/record/record.go:73.71,75.2 1 1
github.com/IBM/fp-go/v2/record/record.go:77.83,79.2 1 1
github.com/IBM/fp-go/v2/record/record.go:81.87,83.2 1 1
github.com/IBM/fp-go/v2/record/record.go:85.75,87.2 1 1
github.com/IBM/fp-go/v2/record/record.go:89.69,91.2 1 1
github.com/IBM/fp-go/v2/record/record.go:93.73,95.2 1 1
github.com/IBM/fp-go/v2/record/record.go:97.81,99.2 1 1
github.com/IBM/fp-go/v2/record/record.go:101.85,103.2 1 1
github.com/IBM/fp-go/v2/record/record.go:106.65,108.2 1 1
github.com/IBM/fp-go/v2/record/record.go:111.67,113.2 1 1
github.com/IBM/fp-go/v2/record/record.go:116.52,118.2 1 1
github.com/IBM/fp-go/v2/record/record.go:120.84,122.2 1 0
github.com/IBM/fp-go/v2/record/record.go:125.70,127.2 1 1
github.com/IBM/fp-go/v2/record/record.go:130.43,132.2 1 1
github.com/IBM/fp-go/v2/record/record.go:135.47,137.2 1 1
github.com/IBM/fp-go/v2/record/record.go:139.60,141.2 1 1
github.com/IBM/fp-go/v2/record/record.go:143.62,145.2 1 1
github.com/IBM/fp-go/v2/record/record.go:147.65,149.2 1 1
github.com/IBM/fp-go/v2/record/record.go:151.68,153.2 1 1
github.com/IBM/fp-go/v2/record/record.go:155.63,157.2 1 1
github.com/IBM/fp-go/v2/record/record.go:160.55,162.2 1 1
github.com/IBM/fp-go/v2/record/record.go:165.103,167.2 1 1
github.com/IBM/fp-go/v2/record/record.go:170.91,172.2 1 1
github.com/IBM/fp-go/v2/record/record.go:175.72,177.2 1 1
github.com/IBM/fp-go/v2/record/record.go:180.84,182.2 1 1
github.com/IBM/fp-go/v2/record/record.go:185.49,187.2 1 1
github.com/IBM/fp-go/v2/record/record.go:190.52,192.2 1 1
github.com/IBM/fp-go/v2/record/record.go:195.46,197.2 1 1
github.com/IBM/fp-go/v2/record/record.go:199.124,201.2 1 0
github.com/IBM/fp-go/v2/record/record.go:203.112,205.2 1 1
github.com/IBM/fp-go/v2/record/record.go:207.125,209.2 1 0
github.com/IBM/fp-go/v2/record/record.go:211.113,213.2 1 1
github.com/IBM/fp-go/v2/record/record.go:216.85,218.2 1 1
github.com/IBM/fp-go/v2/record/record.go:221.141,223.2 1 1
github.com/IBM/fp-go/v2/record/record.go:226.129,228.2 1 0
github.com/IBM/fp-go/v2/record/record.go:231.86,233.2 1 1
github.com/IBM/fp-go/v2/record/record.go:236.98,238.2 1 0
github.com/IBM/fp-go/v2/record/record.go:241.64,243.2 1 1
github.com/IBM/fp-go/v2/record/record.go:246.104,248.2 1 0
github.com/IBM/fp-go/v2/record/record.go:251.92,253.2 1 0
github.com/IBM/fp-go/v2/record/record.go:256.108,258.2 1 1
github.com/IBM/fp-go/v2/record/record.go:261.86,263.2 1 0
github.com/IBM/fp-go/v2/record/record.go:266.120,268.2 1 0
github.com/IBM/fp-go/v2/record/record.go:271.69,273.2 1 1
github.com/IBM/fp-go/v2/record/record.go:276.71,278.2 1 1
github.com/IBM/fp-go/v2/record/record.go:280.78,282.2 1 1
github.com/IBM/fp-go/v2/record/record.go:284.74,286.2 1 1
github.com/IBM/fp-go/v2/record/record.go:289.51,291.2 1 1
github.com/IBM/fp-go/v2/record/record.go:294.80,296.2 1 1
github.com/IBM/fp-go/v2/record/record.go:305.88,307.2 1 0
github.com/IBM/fp-go/v2/record/record.go:314.73,316.2 1 1
github.com/IBM/fp-go/v2/record/record.go:324.60,326.2 1 0
github.com/IBM/fp-go/v2/record/record.go:332.55,334.2 1 1
github.com/IBM/fp-go/v2/record/record.go:336.105,338.2 1 1
github.com/IBM/fp-go/v2/record/record.go:340.106,342.2 1 1
github.com/IBM/fp-go/v2/record/record.go:344.48,346.2 1 1
github.com/IBM/fp-go/v2/record/semigroup.go:53.81,55.2 1 1
github.com/IBM/fp-go/v2/record/semigroup.go:80.69,82.2 1 1
github.com/IBM/fp-go/v2/record/semigroup.go:107.70,109.2 1 1
github.com/IBM/fp-go/v2/record/traverse.go:27.41,29.2 1 1
github.com/IBM/fp-go/v2/record/traverse.go:39.38,41.2 1 1
github.com/IBM/fp-go/v2/record/traverse.go:50.23,53.2 1 1
